-------------------------------------------------------------------------------
      name:  <unnamed>
       log:  C:/Users/thepe/Documents/GitHub/ACRE-Deworming/output/FDRadjustmen
> t_olderyounger.log
  log type:  text
 opened on:  12 Apr 2021, 01:03:30

. 
.         //set empty tempfile to save pvals for FDR adjustment
.         gen outcome=""

.         gen pval=.

.         tempfile pval_age

.         save `pval_age'
(note: dataset contains 0 observations)
file C:\Users\thepe\AppData\Local\Temp\ST_3b58_000001.tmp saved

. 
.         //Use data
.         use "$data/Worms20_Analysis.dta",clear

. 
.         //Create interaction terms with older/younger
.         foreach var of varlist older younger {
  2.                 gen treatX`var' = treatment * `var'
  3.                 gen costX`var' = cost_sharing * `var'
  4.                 gen satX`var' = saturation_dm * `var'
  5.         }
(53 missing values generated)
(53 missing values generated)
(53 missing values generated)
(53 missing values generated)
(53 missing values generated)
(53 missing values generated)

. 
.         tempfile all_data

.         save `all_data'
file C:\Users\thepe\AppData\Local\Temp\ST_3b58_000002.tmp saved

. 
.         //Define outcomes (consumption, earnings, and hh earnings)
.         local outcomes_FDR tot_cnsp_t tot_earn12m_t tot_hhearn12m_t

. 
.         foreach outcome of local outcomes_FDR {
  2.                         
.                 //Older
.                         use `all_data',clear
  3.                         drop if older==.
  4.                         
.                         if "`outcome'" == "tot_hhearn12m_t" {   
  5.                                 eststo: reg `outcome' treatment treatXyoun
> ger costXyounger satXyounger younger $x_controls1 [pw=weight], cluster(psdpsc
> h98)
  6.                         }
  7.                         else {
  8.                                 eststo: reg `outcome' treatment treatXyoun
> ger costXyounger satXyounger younger $x_controls_panel [pw=weight], cluster(p
> sdpsch98)
  9.                         }
 10.                         
.                         local t = _b[treatment]/_se[treatment]
 11.                         local pvalue = 2*ttail(e(df_r),abs(`t'))
 12.                                 
.                         *Saving all p-values in dataset for FDR adjustment
.                         preserve
 13.                                 gen outcome = "`outcome'"
 14.                                 gen pval = `pvalue'
 15.                                 gen pval_old = 1
 16.                                 
.                                 keep outcome pval pval_old
 17.                                 duplicates drop
 18.                                 
.                                 append using `pval_age'
 19.                                 save `pval_age',replace
 20.                         restore
 21. 
.                 //Younger
.                         use `all_data',clear
 22.                         drop if older==.
 23.                         
.                         if "`outcome'" == "tot_hhearn12m_t" {
 24.                                 eststo: reg `outcome' treatment treatXolde
> r costXolder satXolder older $x_controls1 [pw=weight], cluster(psdpsch98)
 25.                         }
 26.                         else {
 27.                                 eststo: reg `outcome' treatment treatXolde
> r costXolder satXolder older $x_controls_panel [pw=weight], cluster(psdpsch98
> )
 28.                         }
 29.                         
.                         local t = _b[treatment]/_se[treatment]
 30.                         local pvalue = 2*ttail(e(df_r),abs(`t'))
 31.                                 
.                         *Saving all p-values in dataset for FDR adjustment
.                         preserve
 32.                                 gen outcome = "`outcome'"
 33.                                 gen pval = `pvalue'
 34.                                 gen pval_old = 0
 35.                                 
.                                 keep outcome pval pval_old
 36.                                 duplicates drop
 37.                                 
.                                 append using `pval_age'
 38.                                 save `pval_age',replace
 39.                         restore
 40.         }
(53 observations deleted)
(sum of wgt is 17,509.3279963732)

Linear regression                               Number of obs     =      4,743
                                                F(42, 72)         =      13.95
                                                Prob > F          =     0.0000
                                                R-squared         =     0.1243
                                                Root MSE          =     2429.3

                             (Std. Err. adjusted for 73 clusters in psdpsch98)
------------------------------------------------------------------------------
             |               Robust
  tot_cnsp_t |      Coef.   Std. Err.      t    P>|t|     [95% Conf. Interval]
-------------+----------------------------------------------------------------
   treatment |   886.0197   222.9558     3.97   0.000     441.5655    1330.474
treatXyoun~r |  -1065.187   265.8267    -4.01   0.000    -1595.103   -535.2711
costXyounger |    314.281   262.9158     1.20   0.236     -209.832     838.394
 satXyounger |  -4519.582   1846.414    -2.45   0.017     -8200.34   -838.8236
     younger |   654.3401   195.8868     3.34   0.001     263.8469    1044.833
cost_sharing |   -346.853   228.0355    -1.52   0.133    -801.4334    107.7274
saturation~m |   3095.297   1978.003     1.56   0.122    -847.7804    7038.374
   avgtest96 |   588.8288   181.3083     3.25   0.002     227.3973    950.2602
     pup_pop |  -.1735501   .3651144    -0.48   0.636    -.9013923     .554292
demeaned_~6k |  -.0197361   .0470633    -0.42   0.676     -.113555    .0740828
    zoneidI2 |   -68.0732   241.4271    -0.28   0.779    -549.3493    413.2029
    zoneidI3 |   146.8082   302.3646     0.49   0.629    -455.9445    749.5609
    zoneidI4 |   170.4033   367.6879     0.46   0.644    -562.5691    903.3758
    zoneidI5 |  -166.5286   266.9349    -0.62   0.535    -698.6536    365.5965
    zoneidI6 |  -234.1717   233.0441    -1.00   0.318    -698.7365    230.3932
    zoneidI7 |  -405.2146   272.6521    -1.49   0.142    -948.7366    138.3073
    zoneidI8 |  -321.0693   225.6191    -1.42   0.159    -770.8328    128.6941
      female |  -1100.259   125.3187    -8.78   0.000    -1350.077   -850.4403
std98_base~2 |  -205.0774   160.3794    -1.28   0.205    -524.7879    114.6331
std98_base~3 |   166.1986   233.7967     0.71   0.479    -299.8666    632.2638
std98_base~4 |  -156.5903   216.8758    -0.72   0.473    -588.9242    275.7437
std98_base~5 |   168.4701   262.1887     0.64   0.523    -354.1936    691.1338
std98_base~6 |   5.449308   270.4258     0.02   0.984    -533.6348    544.5334
month_int~I2 |    296.647   161.3569     1.84   0.070    -25.01203     618.306
month_inte~3 |   219.7041    246.896     0.89   0.377     -272.474    711.8823
month_inte~4 |   321.9928   189.4989     1.70   0.094    -55.76635     699.752
month_inte~5 |   190.5089   273.4702     0.70   0.488     -354.644    735.6618
month_inte~6 |   1047.133   383.0613     2.73   0.008     283.5138    1810.751
month_inte~7 |   1307.167   565.6719     2.31   0.024     179.5206    2434.813
month_inte~8 |   1995.537    987.467     2.02   0.047     27.05794    3964.017
month_inte~9 |   1751.955   867.6398     2.02   0.047     22.34666    3481.564
month_int~10 |   1793.936    635.977     2.82   0.006     526.1395    3061.733
month_int~11 |   1805.006   685.9598     2.63   0.010     437.5701    3172.442
month_int~12 |   1708.885   672.5313     2.54   0.013     368.2181    3049.551
       wave2 |  -1961.068   626.8859    -3.13   0.003    -3210.742   -711.3937
             |
        year |
       2012  |   1601.405   543.0595     2.95   0.004     518.8361    2683.975
       2013  |   2785.738   695.4852     4.01   0.000     1399.314    4172.163
       2014  |    5077.06   2008.308     2.53   0.014      1073.57    9080.549
       2017  |   236.3927   272.8473     0.87   0.389    -307.5184    780.3039
       2018  |   2131.526   695.7989     3.06   0.003     744.4759    3518.575
       2019  |   3682.997   1232.024     2.99   0.004     1227.001    6138.992
             |
       voced |  -185.2418   242.5884    -0.76   0.448    -668.8329    298.3492
       _cons |   388.2548   660.3544     0.59   0.558    -928.1377    1704.647
------------------------------------------------------------------------------
(est1 stored)

Duplicates in terms of all variables

(13,755 observations deleted)
file C:\Users\thepe\AppData\Local\Temp\ST_3b58_000001.tmp saved
(53 observations deleted)
(sum of wgt is 17,509.3279963732)

Linear regression                               Number of obs     =      4,743
                                                F(42, 72)         =      13.95
                                                Prob > F          =     0.0000
                                                R-squared         =     0.1243
                                                Root MSE          =     2429.3

                             (Std. Err. adjusted for 73 clusters in psdpsch98)
------------------------------------------------------------------------------
             |               Robust
  tot_cnsp_t |      Coef.   Std. Err.      t    P>|t|     [95% Conf. Interval]
-------------+----------------------------------------------------------------
   treatment |  -179.1672   185.3594    -0.97   0.337    -548.6744      190.34
 treatXolder |   1065.187   265.8267     4.01   0.000     535.2711    1595.103
  costXolder |   -314.281   262.9158    -1.20   0.236     -838.394     209.832
   satXolder |   4519.582   1846.414     2.45   0.017     838.8236     8200.34
       older |  -654.3401   195.8868    -3.34   0.001    -1044.833   -263.8469
cost_sharing |  -32.57203   154.8649    -0.21   0.834    -341.2896    276.1455
saturation~m |  -1424.285   910.5123    -1.56   0.122    -3239.358     390.788
   avgtest96 |   588.8288   181.3083     3.25   0.002     227.3973    950.2602
     pup_pop |  -.1735501   .3651144    -0.48   0.636    -.9013923     .554292
demeaned_~6k |  -.0197361   .0470633    -0.42   0.676     -.113555    .0740828
    zoneidI2 |   -68.0732   241.4271    -0.28   0.779    -549.3493    413.2029
    zoneidI3 |   146.8082   302.3646     0.49   0.629    -455.9445    749.5609
    zoneidI4 |   170.4033   367.6879     0.46   0.644    -562.5691    903.3758
    zoneidI5 |  -166.5286   266.9349    -0.62   0.535    -698.6536    365.5965
    zoneidI6 |  -234.1717   233.0441    -1.00   0.318    -698.7365    230.3932
    zoneidI7 |  -405.2146   272.6521    -1.49   0.142    -948.7366    138.3073
    zoneidI8 |  -321.0693   225.6191    -1.42   0.159    -770.8328    128.6941
      female |  -1100.259   125.3187    -8.78   0.000    -1350.077   -850.4403
std98_base~2 |  -205.0774   160.3794    -1.28   0.205    -524.7879    114.6331
std98_base~3 |   166.1986   233.7967     0.71   0.479    -299.8666    632.2638
std98_base~4 |  -156.5903   216.8758    -0.72   0.473    -588.9242    275.7437
std98_base~5 |   168.4701   262.1887     0.64   0.523    -354.1936    691.1338
std98_base~6 |   5.449308   270.4258     0.02   0.984    -533.6348    544.5334
month_int~I2 |    296.647   161.3569     1.84   0.070    -25.01203     618.306
month_inte~3 |   219.7041    246.896     0.89   0.377     -272.474    711.8823
month_inte~4 |   321.9928   189.4989     1.70   0.094    -55.76635     699.752
month_inte~5 |   190.5089   273.4702     0.70   0.488     -354.644    735.6618
month_inte~6 |   1047.133   383.0613     2.73   0.008     283.5138    1810.751
month_inte~7 |   1307.167   565.6719     2.31   0.024     179.5206    2434.813
month_inte~8 |   1995.537    987.467     2.02   0.047     27.05794    3964.017
month_inte~9 |   1751.955   867.6398     2.02   0.047     22.34666    3481.564
month_int~10 |   1793.936    635.977     2.82   0.006     526.1395    3061.733
month_int~11 |   1805.006   685.9598     2.63   0.010     437.5701    3172.442
month_int~12 |   1708.885   672.5313     2.54   0.013     368.2181    3049.551
       wave2 |  -1961.068   626.8859    -3.13   0.003    -3210.742   -711.3937
             |
        year |
       2012  |   1601.405   543.0595     2.95   0.004     518.8361    2683.975
       2013  |   2785.738   695.4852     4.01   0.000     1399.314    4172.163
       2014  |    5077.06   2008.308     2.53   0.014      1073.57    9080.549
       2017  |   236.3927   272.8473     0.87   0.389    -307.5184    780.3039
       2018  |   2131.526   695.7989     3.06   0.003     744.4759    3518.575
       2019  |   3682.997   1232.024     2.99   0.004     1227.001    6138.992
             |
       voced |  -185.2418   242.5884    -0.76   0.448    -668.8329    298.3492
       _cons |   1042.595   670.8508     1.55   0.125    -294.7218    2379.912
------------------------------------------------------------------------------
(est2 stored)

Duplicates in terms of all variables

(13,755 observations deleted)
file C:\Users\thepe\AppData\Local\Temp\ST_3b58_000001.tmp saved
(53 observations deleted)
(sum of wgt is 46,043.2122689486)

Linear regression                               Number of obs     =     13,571
                                                F(45, 72)         =      84.66
                                                Prob > F          =     0.0000
                                                R-squared         =     0.1788
                                                Root MSE          =     2238.1

                             (Std. Err. adjusted for 73 clusters in psdpsch98)
------------------------------------------------------------------------------
             |               Robust
tot_earn12~t |      Coef.   Std. Err.      t    P>|t|     [95% Conf. Interval]
-------------+----------------------------------------------------------------
   treatment |   258.1746   107.5084     2.40   0.019     43.86063    472.4887
treatXyoun~r |  -333.6151   141.6179    -2.36   0.021    -615.9252   -51.30497
costXyounger |   80.38811    126.705     0.63   0.528    -172.1937    332.9699
 satXyounger |  -1021.495   962.3519    -1.06   0.292    -2939.908     896.919
     younger |   626.9112    115.203     5.44   0.000     397.2582    856.5642
cost_sharing |  -75.95952   99.09848    -0.77   0.446    -273.5087    121.5897
saturation~m |   201.0162   610.2164     0.33   0.743    -1015.428     1417.46
   avgtest96 |   204.8669   94.59562     2.17   0.034     16.29399    393.4399
     pup_pop |  -.1326916   .1328074    -1.00   0.321    -.3974383    .1320552
demeaned_~6k |  -.0124291   .0262717    -0.47   0.638    -.0648008    .0399426
    zoneidI2 |   48.00565   121.0734     0.40   0.693    -193.3497     289.361
    zoneidI3 |   164.2036   122.1702     1.34   0.183    -79.33824    407.7454
    zoneidI4 |   268.1526    122.915     2.18   0.032     23.12604    513.1791
    zoneidI5 |  -17.13858   120.2204    -0.14   0.887    -256.7935    222.5163
    zoneidI6 |   75.77627   127.9445     0.59   0.556    -179.2765    330.8291
    zoneidI7 |   108.7948   114.2517     0.95   0.344    -118.9619    336.5515
    zoneidI8 |    143.666     126.22     1.14   0.259     -107.949    395.2811
      female |  -1206.671   53.67232   -22.48   0.000    -1313.665   -1099.677
std98_base~2 |   201.5243   83.81788     2.40   0.019     34.43646    368.6122
std98_base~3 |   424.7278   93.11813     4.56   0.000     239.1002    610.3554
std98_base~4 |   703.3219   114.3254     6.15   0.000     475.4183    931.2255
std98_base~5 |   1053.513   129.1148     8.16   0.000     796.1272    1310.899
std98_base~6 |   983.8367   115.1809     8.54   0.000     754.2278    1213.446
month_int~I2 |   442.3377   103.6574     4.27   0.000     235.7005    648.9749
month_inte~3 |   264.0669   126.2138     2.09   0.040     12.46418    515.6696
month_inte~4 |    495.863   145.3549     3.41   0.001     206.1034    785.6227
month_inte~5 |   508.7813    231.403     2.20   0.031     47.48781    970.0748
month_inte~6 |   657.6208   194.6507     3.38   0.001     269.5917     1045.65
month_inte~7 |   405.4558   122.4532     3.31   0.001     161.3498    649.5618
month_inte~8 |   485.4145   123.1559     3.94   0.000     239.9076    730.9213
month_inte~9 |   557.8649   131.1779     4.25   0.000     296.3665    819.3633
month_int~10 |    592.116   126.1677     4.69   0.000     340.6053    843.6267
month_int~11 |   683.0341   126.5815     5.40   0.000     430.6984    935.3697
month_int~12 |   720.2525   145.3451     4.96   0.000     430.5124    1009.993
       wave2 |  -472.7683   144.7685    -3.27   0.002     -761.359   -184.1775
             |
        year |
       2008  |   309.3748   74.38848     4.16   0.000     161.0841    457.6655
       2009  |   717.3713    177.207     4.05   0.000     364.1156    1070.627
       2011  |   448.4289   81.49608     5.50   0.000     285.9695    610.8884
       2012  |   1065.016    84.1468    12.66   0.000     897.2727     1232.76
       2013  |   1557.057   163.4437     9.53   0.000     1231.238    1882.876
       2014  |   1820.605   191.5571     9.50   0.000     1438.743    2202.467
       2017  |   1748.773    91.1978    19.18   0.000     1566.974    1930.573
       2018  |   2191.479   156.3411    14.02   0.000     1879.819    2503.139
       2019  |   3099.823   239.2228    12.96   0.000     2622.942    3576.705
             |
       voced |  -311.8409    62.1704    -5.02   0.000    -435.7753   -187.9065
       _cons |  -595.7435   194.6273    -3.06   0.003     -983.726    -207.761
------------------------------------------------------------------------------
(est3 stored)

Duplicates in terms of all variables

(13,755 observations deleted)
file C:\Users\thepe\AppData\Local\Temp\ST_3b58_000001.tmp saved
(53 observations deleted)
(sum of wgt is 46,043.2122689486)

Linear regression                               Number of obs     =     13,571
                                                F(45, 72)         =      84.66
                                                Prob > F          =     0.0000
                                                R-squared         =     0.1788
                                                Root MSE          =     2238.1

                             (Std. Err. adjusted for 73 clusters in psdpsch98)
------------------------------------------------------------------------------
             |               Robust
tot_earn12~t |      Coef.   Std. Err.      t    P>|t|     [95% Conf. Interval]
-------------+----------------------------------------------------------------
   treatment |  -75.44044   99.51744    -0.76   0.451    -273.8248     122.944
 treatXolder |   333.6151   141.6179     2.36   0.021     51.30497    615.9252
  costXolder |  -80.38811    126.705    -0.63   0.528    -332.9699    172.1937
   satXolder |   1021.495   962.3519     1.06   0.292     -896.919    2939.908
       older |  -626.9112    115.203    -5.44   0.000    -856.5642   -397.2582
cost_sharing |   4.428591   98.04408     0.05   0.964    -191.0187    199.8759
saturation~m |  -820.4783   705.2675    -1.16   0.249    -2226.403    585.4468
   avgtest96 |   204.8669   94.59562     2.17   0.034     16.29399    393.4399
     pup_pop |  -.1326916   .1328074    -1.00   0.321    -.3974383    .1320552
demeaned_~6k |  -.0124291   .0262717    -0.47   0.638    -.0648008    .0399426
    zoneidI2 |   48.00565   121.0734     0.40   0.693    -193.3497     289.361
    zoneidI3 |   164.2036   122.1702     1.34   0.183    -79.33824    407.7454
    zoneidI4 |   268.1526    122.915     2.18   0.032     23.12604    513.1791
    zoneidI5 |  -17.13858   120.2204    -0.14   0.887    -256.7935    222.5163
    zoneidI6 |   75.77627   127.9445     0.59   0.556    -179.2765    330.8291
    zoneidI7 |   108.7948   114.2517     0.95   0.344    -118.9619    336.5515
    zoneidI8 |    143.666     126.22     1.14   0.259     -107.949    395.2811
      female |  -1206.671   53.67232   -22.48   0.000    -1313.665   -1099.677
std98_base~2 |   201.5243   83.81788     2.40   0.019     34.43646    368.6122
std98_base~3 |   424.7278   93.11813     4.56   0.000     239.1002    610.3554
std98_base~4 |   703.3219   114.3254     6.15   0.000     475.4183    931.2255
std98_base~5 |   1053.513   129.1148     8.16   0.000     796.1272    1310.899
std98_base~6 |   983.8367   115.1809     8.54   0.000     754.2278    1213.446
month_int~I2 |   442.3377   103.6574     4.27   0.000     235.7005    648.9749
month_inte~3 |   264.0669   126.2138     2.09   0.040     12.46418    515.6696
month_inte~4 |    495.863   145.3549     3.41   0.001     206.1034    785.6227
month_inte~5 |   508.7813    231.403     2.20   0.031     47.48781    970.0748
month_inte~6 |   657.6208   194.6507     3.38   0.001     269.5917     1045.65
month_inte~7 |   405.4558   122.4532     3.31   0.001     161.3498    649.5618
month_inte~8 |   485.4145   123.1559     3.94   0.000     239.9076    730.9213
month_inte~9 |   557.8649   131.1779     4.25   0.000     296.3665    819.3633
month_int~10 |    592.116   126.1677     4.69   0.000     340.6053    843.6267
month_int~11 |   683.0341   126.5815     5.40   0.000     430.6984    935.3697
month_int~12 |   720.2525   145.3451     4.96   0.000     430.5124    1009.993
       wave2 |  -472.7683   144.7685    -3.27   0.002     -761.359   -184.1775
             |
        year |
       2008  |   309.3748   74.38848     4.16   0.000     161.0841    457.6655
       2009  |   717.3713    177.207     4.05   0.000     364.1156    1070.627
       2011  |   448.4289   81.49608     5.50   0.000     285.9695    610.8884
       2012  |   1065.016    84.1468    12.66   0.000     897.2727     1232.76
       2013  |   1557.057   163.4437     9.53   0.000     1231.238    1882.876
       2014  |   1820.605   191.5571     9.50   0.000     1438.743    2202.467
       2017  |   1748.773    91.1978    19.18   0.000     1566.974    1930.573
       2018  |   2191.479   156.3411    14.02   0.000     1879.819    2503.139
       2019  |   3099.823   239.2228    12.96   0.000     2622.942    3576.705
             |
       voced |  -311.8409    62.1704    -5.02   0.000    -435.7753   -187.9065
       _cons |   31.16769   148.3424     0.21   0.834    -264.5476    326.8829
------------------------------------------------------------------------------
(est4 stored)

Duplicates in terms of all variables

(13,755 observations deleted)
file C:\Users\thepe\AppData\Local\Temp\ST_3b58_000001.tmp saved
(53 observations deleted)
(sum of wgt is 15,150.392526865)

Linear regression                               Number of obs     =      4,021
                                                F(36, 72)         =      13.78
                                                Prob > F          =     0.0000
                                                R-squared         =     0.0868
                                                Root MSE          =     2093.7

                             (Std. Err. adjusted for 73 clusters in psdpsch98)
------------------------------------------------------------------------------
             |               Robust
tot_hhe~2m_t |      Coef.   Std. Err.      t    P>|t|     [95% Conf. Interval]
-------------+----------------------------------------------------------------
   treatment |   564.7438   231.9596     2.43   0.017     102.3408    1027.147
treatXyoun~r |  -586.9459   304.9807    -1.92   0.058    -1194.914    21.02207
costXyounger |   439.9388   321.2263     1.37   0.175    -200.4141    1080.292
 satXyounger |  -3832.072   1698.763    -2.26   0.027    -7218.493   -445.6502
     younger |   818.4442   211.8226     3.86   0.000     396.1835    1240.705
cost_sharing |  -424.4767   218.9339    -1.94   0.056    -860.9135    11.96015
saturation~m |   865.2327    1022.02     0.85   0.400    -1172.127    2902.592
   avgtest96 |    380.916   154.6639     2.46   0.016     72.59919    689.2328
     pup_pop |  -.4032458   .2054855    -1.96   0.054    -.8128738    .0063821
demeaned_~6k |   -.003248   .0367393    -0.09   0.930    -.0764865    .0699905
    zoneidI2 |   132.1291   196.3526     0.67   0.503    -259.2925    523.5508
    zoneidI3 |   409.6838   223.2955     1.83   0.071    -35.44771    854.8152
    zoneidI4 |   536.1662   183.3727     2.92   0.005     170.6193     901.713
    zoneidI5 |  -64.59405   180.0418    -0.36   0.721    -423.5009    294.3128
    zoneidI6 |  -16.19832   150.9079    -0.11   0.915    -317.0276     284.631
    zoneidI7 |   248.4782   237.5605     1.05   0.299      -225.09    722.0464
    zoneidI8 |   23.53386   251.8074     0.09   0.926    -478.4349    525.5027
      female |  -824.3585   94.55949    -8.72   0.000    -1012.859   -635.8576
std98_base~2 |  -45.74911   137.9185    -0.33   0.741    -320.6846    229.1864
std98_base~3 |   358.1002   201.2473     1.78   0.079    -43.07886    759.2793
std98_base~4 |   324.8589   166.3944     1.95   0.055    -6.842308    656.5601
std98_base~5 |   622.5271   219.0928     2.84   0.006     185.7736    1059.281
std98_base~6 |   419.9158   201.4124     2.08   0.041     18.40756    821.4239
month_int~I2 |   641.5327   184.6291     3.47   0.001     273.4814    1009.584
month_inte~3 |   450.5088   327.4417     1.38   0.173    -202.2343    1103.252
month_inte~4 |   589.4894   188.0208     3.14   0.002     214.6767     964.302
month_inte~5 |   763.8166   405.3046     1.88   0.064    -44.14328    1571.776
month_inte~6 |   249.6343   195.5089     1.28   0.206    -140.1055     639.374
month_inte~7 |  -130.5756    194.419    -0.67   0.504    -518.1428    256.9916
month_inte~8 |  -168.4314   168.4539    -1.00   0.321    -504.2382    167.3754
month_inte~9 |   -84.0238   228.9936    -0.37   0.715    -540.5142    372.4666
month_int~10 |   213.9002     191.99     1.11   0.269    -168.8249    596.6254
month_int~11 |   292.7538   177.3773     1.65   0.103    -60.84143     646.349
month_int~12 |  -218.4243   165.8527    -1.32   0.192    -549.0455     112.197
       wave2 |  -50.29308    109.445    -0.46   0.647    -268.4677    167.8816
       voced |  -163.5213   138.7276    -1.18   0.242    -440.0697    113.0272
       _cons |   896.0908   280.4238     3.20   0.002     337.0763    1455.105
------------------------------------------------------------------------------
(est5 stored)

Duplicates in terms of all variables

(13,755 observations deleted)
file C:\Users\thepe\AppData\Local\Temp\ST_3b58_000001.tmp saved
(53 observations deleted)
(sum of wgt is 15,150.392526865)

Linear regression                               Number of obs     =      4,021
                                                F(36, 72)         =      13.78
                                                Prob > F          =     0.0000
                                                R-squared         =     0.0868
                                                Root MSE          =     2093.7

                             (Std. Err. adjusted for 73 clusters in psdpsch98)
------------------------------------------------------------------------------
             |               Robust
tot_hhe~2m_t |      Coef.   Std. Err.      t    P>|t|     [95% Conf. Interval]
-------------+----------------------------------------------------------------
   treatment |  -22.20211    171.064    -0.13   0.897    -363.2119    318.8077
 treatXolder |   586.9459   304.9807     1.92   0.058    -21.02207    1194.914
  costXolder |  -439.9388   321.2263    -1.37   0.175    -1080.292    200.4141
   satXolder |   3832.072   1698.763     2.26   0.027     445.6502    7218.493
       older |  -818.4442   211.8226    -3.86   0.000    -1240.705   -396.1835
cost_sharing |    15.4621   188.3687     0.08   0.935    -360.0441    390.9683
saturation~m |  -2966.839   1138.031    -2.61   0.011    -5235.462   -698.2153
   avgtest96 |    380.916   154.6639     2.46   0.016     72.59919    689.2328
     pup_pop |  -.4032458   .2054855    -1.96   0.054    -.8128738    .0063821
demeaned_~6k |   -.003248   .0367393    -0.09   0.930    -.0764865    .0699905
    zoneidI2 |   132.1291   196.3526     0.67   0.503    -259.2925    523.5508
    zoneidI3 |   409.6838   223.2955     1.83   0.071    -35.44771    854.8152
    zoneidI4 |   536.1662   183.3727     2.92   0.005     170.6193     901.713
    zoneidI5 |  -64.59405   180.0418    -0.36   0.721    -423.5009    294.3128
    zoneidI6 |  -16.19832   150.9079    -0.11   0.915    -317.0276     284.631
    zoneidI7 |   248.4782   237.5605     1.05   0.299      -225.09    722.0464
    zoneidI8 |   23.53386   251.8074     0.09   0.926    -478.4349    525.5027
      female |  -824.3585   94.55949    -8.72   0.000    -1012.859   -635.8576
std98_base~2 |  -45.74911   137.9185    -0.33   0.741    -320.6846    229.1864
std98_base~3 |   358.1002   201.2473     1.78   0.079    -43.07886    759.2793
std98_base~4 |   324.8589   166.3944     1.95   0.055    -6.842308    656.5601
std98_base~5 |   622.5271   219.0928     2.84   0.006     185.7736    1059.281
std98_base~6 |   419.9158   201.4124     2.08   0.041     18.40756    821.4239
month_int~I2 |   641.5327   184.6291     3.47   0.001     273.4814    1009.584
month_inte~3 |   450.5088   327.4417     1.38   0.173    -202.2343    1103.252
month_inte~4 |   589.4894   188.0208     3.14   0.002     214.6767     964.302
month_inte~5 |   763.8166   405.3046     1.88   0.064    -44.14328    1571.776
month_inte~6 |   249.6343   195.5089     1.28   0.206    -140.1055     639.374
month_inte~7 |  -130.5756    194.419    -0.67   0.504    -518.1428    256.9916
month_inte~8 |  -168.4314   168.4539    -1.00   0.321    -504.2382    167.3754
month_inte~9 |   -84.0238   228.9936    -0.37   0.715    -540.5142    372.4666
month_int~10 |   213.9002     191.99     1.11   0.269    -168.8249    596.6254
month_int~11 |   292.7538   177.3773     1.65   0.103    -60.84143     646.349
month_int~12 |  -218.4243   165.8527    -1.32   0.192    -549.0455     112.197
       wave2 |  -50.29308    109.445    -0.46   0.647    -268.4677    167.8816
       voced |  -163.5213   138.7276    -1.18   0.242    -440.0697    113.0272
       _cons |   1714.535   208.9348     8.21   0.000     1298.031    2131.039
------------------------------------------------------------------------------
(est6 stored)

Duplicates in terms of all variables

(13,755 observations deleted)
file C:\Users\thepe\AppData\Local\Temp\ST_3b58_000001.tmp saved

.         use `pval_age',clear

. 
.         //Run FDR adjustment
.         preserve

.                 //older & younger
.                         fdr_adjustment "`pval_age'"
  6

scalars:
                  r(N) =  6

.                         keep outcome pval_old qval_fdr

.                         tempfile qval_age

.                         save `qval_age'
file C:\Users\thepe\AppData\Local\Temp\ST_3b58_00000a.tmp saved

.         restore

.         use `qval_age',clear //qval for older group is <.05

.         
.         cap log close
