-------------------------------------------------------------------------------
      name:  <unnamed>
       log:  C:/Users/thepe/Documents/GitHub/ACRE-Deworming/output/saturation_4
> km.log
  log type:  text
 opened on:  12 Apr 2021, 01:03:45

.         
.         //Create empty tempfile to store estimates and p-values
.         gen outcome=""

.         gen treat=.

.         gen treat_se=.

.         gen treat_pval=.

.         gen cost=.

.         gen cost_se=.

.         gen cost_pval=.

.         gen saturation=.

.         gen saturation_se=.

.         gen saturation_pval=.

.         tempfile sat4k_estimates

.         save `sat4k_estimates'
(note: dataset contains 0 observations)
file C:\Users\thepe\AppData\Local\Temp\ST_3b58_000029.tmp saved

.                 
.         //Use data      
.         use "$data/Worms20_Analysis.dta",clear

. 
.         //Set outcomes 
.         local outcomes tot_cnsp_t tot_earn12m_t tot_hhearn12m_t tot_ln_earn12
> m_t wage_earn12m_t self_earn12m_t farm_earn12m_t nonzero_earn_12m tot_hrearn1
> 2m_t tot_wealth_t urban tot_hrs farm_hrs nonfarm_hrs emp_ag_fish emp_services
> _wsale emp_construct_contract emp_manufacturing

.         
.         //Run regression
.         foreach outcome of local outcomes {
  2. 
.                 if "`outcome'" == "tot_hhearn12m_t" {
  3.                         eststo: reg `outcome' treatment $x_controls1_4k [p
> w=weight], cluster(psdpsch98)
  4.                 }
  5.                 else {
  6.                         eststo: reg `outcome' treatment $x_controls_panel_
> 4k [pw=weight], cluster(psdpsch98)
  7.                 }
  8.                 
.                 *p-value on treatment
.                 local t_treat = _b[treatment]/_se[treatment]
  9.                 local pvalue_treat = 2*ttail(e(df_r),abs(`t_treat'))
 10.                 
.                 *p-value on cost-sharing
.                 local t_cost = _b[cost_sharing]/_se[cost_sharing]
 11.                 local pvalue_cost = 2*ttail(e(df_r),abs(`t_cost'))
 12.                 
.                 *p-value on saturation
.                 local t_sat = _b[saturation_dm]/_se[saturation_dm]
 13.                 local pvalue_sat = 2*ttail(e(df_r),abs(`t_sat'))
 14. 
.                 preserve
 15.                         gen outcome = "`outcome'"
 16.                         gen treat = _b[treatment]
 17.                         gen treat_se = _se[treatment]
 18.                         gen treat_pval = `pvalue_treat'
 19.                         gen cost = _b[cost_sharing]
 20.                         gen cost_se = _se[cost_sharing]
 21.                         gen cost_pval = `pvalue_cost'
 22.                         gen saturation = _b[saturation_dm]
 23.                         gen saturation_se = _se[saturation_dm]
 24.                         gen saturation_pval = `pvalue_sat'
 25. 
.                         keep outcome treat treat_se treat_pval ///
>                                 cost cost_se cost_pval ///
>                                 saturation saturation_se saturation_pval
 26.                         duplicates drop
 27.                                 
.                         append using `sat4k_estimates'
 28.                         save `sat4k_estimates',replace
 29.                 restore
 30.         }
(sum of wgt is 17,857.7407391071)

Linear regression                               Number of obs     =      4,794
                                                F(38, 72)         =      11.62
                                                Prob > F          =     0.0000
                                                R-squared         =     0.1138
                                                Root MSE          =     2425.9

                             (Std. Err. adjusted for 73 clusters in psdpsch98)
------------------------------------------------------------------------------
             |               Robust
  tot_cnsp_t |      Coef.   Std. Err.      t    P>|t|     [95% Conf. Interval]
-------------+----------------------------------------------------------------
   treatment |   327.7456   154.8794     2.12   0.038     18.99915    636.4921
cost_sharing |   -152.652   140.7389    -1.08   0.282    -433.2099    127.9058
saturatio~4k |   624.9321   512.3631     1.22   0.227    -396.4452    1646.309
   avgtest96 |   641.7266   196.1988     3.27   0.002     250.6114    1032.842
     pup_pop |  -.0932371   .3839695    -0.24   0.809    -.8586664    .6721921
demeaned_~4k |   .0088879   .0553187     0.16   0.873     -.101388    .1191637
    zoneidI2 |  -100.9982   193.6061    -0.52   0.604     -486.945    284.9485
    zoneidI3 |   163.8879   301.8131     0.54   0.589    -437.7654    765.5412
    zoneidI4 |   193.8253   258.4765     0.75   0.456    -321.4381    709.0888
    zoneidI5 |  -198.3029    228.387    -0.87   0.388    -653.5841    256.9782
    zoneidI6 |   -180.143   164.1376    -1.10   0.276    -507.3453    147.0593
    zoneidI7 |  -448.9663   260.9054    -1.72   0.090    -969.0716    71.13908
    zoneidI8 |  -285.0346   159.3025    -1.79   0.078    -602.5983    32.52921
      female |  -1096.074   141.6769    -7.74   0.000    -1378.502   -813.6468
std98_base~2 |  -204.8921   153.8374    -1.33   0.187    -511.5614    101.7772
std98_base~3 |   185.7201   255.3787     0.73   0.469    -323.3681    694.8083
std98_base~4 |  -193.4668   183.3834    -1.05   0.295    -559.0349    172.1014
std98_base~5 |   153.3549   186.5707     0.82   0.414     -218.567    525.2768
std98_base~6 |   -11.3746   175.6788    -0.06   0.949    -361.5839    338.8347
month_int~I2 |   272.3759   154.0335     1.77   0.081    -34.68422     579.436
month_inte~3 |   219.6966   242.4392     0.91   0.368    -263.5971    702.9902
month_inte~4 |   315.7739   179.2815     1.76   0.082    -41.61726    673.1651
month_inte~5 |   164.0905     252.89     0.65   0.518    -340.0365    668.2176
month_inte~6 |   1030.536   375.2559     2.75   0.008     282.4774    1778.595
month_inte~7 |   1334.942    579.207     2.30   0.024     180.3143    2489.571
month_inte~8 |   2030.311   1010.206     2.01   0.048     16.50171    4044.121
month_inte~9 |   1775.727   879.6512     2.02   0.047     22.17419    3529.279
month_int~10 |     1823.7    641.878     2.84   0.006     544.1394     3103.26
month_int~11 |   1809.848   690.9666     2.62   0.011     432.4316    3187.265
month_int~12 |   1763.349   694.8876     2.54   0.013     378.1162    3148.582
       wave2 |  -1989.035   636.1702    -3.13   0.003    -3257.217   -720.8526
             |
        year |
       2012  |   1624.443   550.4947     2.95   0.004     527.0522    2721.834
       2013  |   2766.389   683.0446     4.05   0.000     1404.764    4128.014
       2014  |   5194.692   2061.565     2.52   0.014     1085.037    9304.346
       2017  |   199.1502   280.0611     0.71   0.479    -359.1413    757.4418
       2018  |    2152.59     701.77     3.07   0.003     753.6369    3551.543
       2019  |   3724.026   1231.874     3.02   0.003     1268.331    6179.721
             |
       voced |   -132.307   253.5589    -0.52   0.603    -637.7674    373.1533
       _cons |    662.286   744.3988     0.89   0.377    -821.6459    2146.218
------------------------------------------------------------------------------
(est1 stored)

Duplicates in terms of all variables

(13,808 observations deleted)
file C:\Users\thepe\AppData\Local\Temp\ST_3b58_000029.tmp saved
(sum of wgt is 46,410.5547039509)

Linear regression                               Number of obs     =     13,624
                                                F(41, 72)         =      85.00
                                                Prob > F          =     0.0000
                                                R-squared         =     0.1742
                                                Root MSE          =     2247.7

                             (Std. Err. adjusted for 73 clusters in psdpsch98)
------------------------------------------------------------------------------
             |               Robust
tot_earn12~t |      Coef.   Std. Err.      t    P>|t|     [95% Conf. Interval]
-------------+----------------------------------------------------------------
   treatment |   94.06157   72.44081     1.30   0.198    -50.34654    238.4697
cost_sharing |   -39.9546   73.36174    -0.54   0.588    -186.1985    106.2893
saturatio~4k |  -17.99595   332.0803    -0.05   0.957    -679.9859     643.994
   avgtest96 |   212.1949   85.01426     2.50   0.015     42.72203    381.6677
     pup_pop |  -.1548494   .1353706    -1.14   0.256    -.4247059     .115007
demeaned_~4k |   .0394506   .0256906     1.54   0.129    -.0117627     .090664
    zoneidI2 |   28.23324   100.5043     0.28   0.780    -172.1185     228.585
    zoneidI3 |   180.4155   107.3619     1.68   0.097    -33.60642    394.4375
    zoneidI4 |   236.2264   120.6372     1.96   0.054     -4.25951    476.7123
    zoneidI5 |   19.09971   98.99255     0.19   0.848    -178.2383    216.4378
    zoneidI6 |   115.2166    114.589     1.01   0.318    -113.2125    343.6457
    zoneidI7 |    77.3517   117.9785     0.66   0.514    -157.8342    312.5376
    zoneidI8 |   121.8697   110.2838     1.11   0.273    -97.97709    341.7164
      female |  -1186.626    51.7362   -22.94   0.000     -1289.76   -1083.492
std98_base~2 |   145.0538    85.4041     1.70   0.094    -25.19616    315.3038
std98_base~3 |   267.4278    77.4943     3.45   0.001     112.9457    421.9098
std98_base~4 |   439.1593   96.84003     4.53   0.000     246.1122    632.2064
std98_base~5 |   689.8294   101.6195     6.79   0.000     487.2546    892.4043
std98_base~6 |   582.0391    80.4688     7.23   0.000     421.6275    742.4508
month_int~I2 |    457.152   101.4601     4.51   0.000     254.8951     659.409
month_inte~3 |   278.6558   127.6624     2.18   0.032     24.16539    533.1461
month_inte~4 |   513.6427   143.2714     3.59   0.001     228.0363    799.2491
month_inte~5 |   563.9622   222.0522     2.54   0.013     121.3091    1006.615
month_inte~6 |    638.874   186.5687     3.42   0.001     266.9561    1010.792
month_inte~7 |   404.9529   121.3018     3.34   0.001     163.1422    646.7636
month_inte~8 |   499.1369   118.4144     4.22   0.000     263.0821    735.1918
month_inte~9 |   562.1062   127.2122     4.42   0.000     308.5134    815.6991
month_int~10 |   591.4859   121.1939     4.88   0.000     349.8902    833.0815
month_int~11 |   698.5963   124.5029     5.61   0.000     450.4043    946.7883
month_int~12 |    735.163    141.481     5.20   0.000     453.1258      1017.2
       wave2 |  -456.4454   143.8818    -3.17   0.002    -743.2685   -169.6223
             |
        year |
       2008  |   299.5696   74.47193     4.02   0.000     151.1126    448.0267
       2009  |   702.4031   175.7549     4.00   0.000      352.042    1052.764
       2011  |   442.3158   80.88034     5.47   0.000     281.0838    603.5478
       2012  |   1061.118   82.55101    12.85   0.000     896.5553     1225.68
       2013  |   1541.548   162.3363     9.50   0.000     1217.936    1865.159
       2014  |   1796.867   191.7375     9.37   0.000     1414.646    2179.089
       2017  |   1730.916   90.92509    19.04   0.000      1549.66    1912.172
       2018  |   2178.506   152.0808    14.32   0.000     1875.338    2481.673
       2019  |   3079.864    230.292    13.37   0.000     2620.785    3538.942
             |
       voced |   -307.525   61.57155    -4.99   0.000    -430.2657   -184.7844
       _cons |  -93.76852   145.7985    -0.64   0.522    -384.4125    196.8755
------------------------------------------------------------------------------
(est2 stored)

Duplicates in terms of all variables

(13,808 observations deleted)
file C:\Users\thepe\AppData\Local\Temp\ST_3b58_000029.tmp saved
(sum of wgt is 15,517.7349618673)

Linear regression                               Number of obs     =      4,074
                                                F(32, 72)         =      14.51
                                                Prob > F          =     0.0000
                                                R-squared         =     0.0694
                                                Root MSE          =     2107.1

                             (Std. Err. adjusted for 73 clusters in psdpsch98)
------------------------------------------------------------------------------
             |               Robust
tot_hhe~2m_t |      Coef.   Std. Err.      t    P>|t|     [95% Conf. Interval]
-------------+----------------------------------------------------------------
   treatment |   262.0777   143.6989     1.82   0.072    -24.38089    548.5363
cost_sharing |  -169.3447   126.9662    -1.33   0.186    -422.4471    83.75775
saturatio~4k |  -235.7378   412.9813    -0.57   0.570    -1059.001    587.5253
   avgtest96 |   332.7526   141.1213     2.36   0.021     51.43238    614.0727
     pup_pop |  -.3863033   .2099353    -1.84   0.070    -.8048017    .0321951
demeaned_~4k |   .0568739   .0432867     1.31   0.193    -.0294165    .1431643
    zoneidI2 |  -18.25655   166.9659    -0.11   0.913     -351.097    314.5839
    zoneidI3 |   344.3993   187.5297     1.84   0.070    -29.43424    718.2328
    zoneidI4 |   456.9612   189.7118     2.41   0.019     78.77765    835.1447
    zoneidI5 |  -48.51228   173.3466    -0.28   0.780    -394.0724    297.0479
    zoneidI6 |  -45.55315   154.0518    -0.30   0.768    -352.6498    261.5435
    zoneidI7 |   177.7389   260.6204     0.68   0.497    -341.7983    697.2762
    zoneidI8 |  -86.80276   241.3854    -0.36   0.720    -567.9957    394.3902
      female |  -789.5513   96.66792    -8.17   0.000    -982.2553   -596.8473
std98_base~2 |  -97.69321   134.8424    -0.72   0.471    -366.4967    171.1102
std98_base~3 |   127.0885   186.7357     0.68   0.498    -245.1623    499.3393
std98_base~4 |  -18.89969   138.6669    -0.14   0.892    -295.3271    257.5277
std98_base~5 |   158.4437   185.5592     0.85   0.396    -211.4618    528.3492
std98_base~6 |  -94.05929   120.8268    -0.78   0.439     -334.923    146.8045
month_int~I2 |    663.732   182.7667     3.63   0.001     299.3933    1028.071
month_inte~3 |   459.7395   325.8616     1.41   0.163    -189.8538    1109.333
month_inte~4 |   584.1327   192.6682     3.03   0.003     200.0557    968.2098
month_inte~5 |   706.5027   362.4768     1.95   0.055    -16.08158    1429.087
month_inte~6 |   255.9943   187.0608     1.37   0.175    -116.9046    628.8932
month_inte~7 |  -143.4395   189.9441    -0.76   0.453    -522.0861    235.2071
month_inte~8 |  -140.8194   166.4593    -0.85   0.400    -472.6499    191.0111
month_inte~9 |   -103.748   225.2805    -0.46   0.647    -552.8365    345.3404
month_int~10 |   219.1133   188.0414     1.17   0.248    -155.7404     593.967
month_int~11 |   287.1922   179.1009     1.60   0.113    -69.83881    644.2233
month_int~12 |  -179.0953   157.7237    -1.14   0.260    -493.5118    135.3211
       wave2 |  -25.60504   111.0195    -0.23   0.818    -246.9185    195.7084
       voced |  -145.4956   140.2296    -1.04   0.303    -425.0382    134.0469
       _cons |   1567.403   205.6223     7.62   0.000     1157.503    1977.304
------------------------------------------------------------------------------
(est3 stored)

Duplicates in terms of all variables

(13,808 observations deleted)
file C:\Users\thepe\AppData\Local\Temp\ST_3b58_000029.tmp saved
(sum of wgt is 27,562.3621759415)

Linear regression                               Number of obs     =      7,698
                                                F(41, 72)         =      64.35
                                                Prob > F          =     0.0000
                                                R-squared         =     0.1283
                                                Root MSE          =     1.4526

                             (Std. Err. adjusted for 73 clusters in psdpsch98)
------------------------------------------------------------------------------
             |               Robust
tot_ln_ear.. |      Coef.   Std. Err.      t    P>|t|     [95% Conf. Interval]
-------------+----------------------------------------------------------------
   treatment |   .1287641   .0566452     2.27   0.026     .0158438    .2416843
cost_sharing |  -.0681202   .0580653    -1.17   0.245    -.1838712    .0476307
saturatio~4k |   .2961635    .197202     1.50   0.138    -.0969515    .6892784
   avgtest96 |   .1492328   .0954199     1.56   0.122    -.0409832    .3394489
     pup_pop |   .0000939    .000114     0.82   0.413    -.0001333    .0003212
demeaned_~4k |   .0000673   .0000235     2.86   0.006     .0000204    .0001141
    zoneidI2 |   -.098741   .0920447    -1.07   0.287    -.2822288    .0847469
    zoneidI3 |   .0215368   .0832987     0.26   0.797     -.144516    .1875897
    zoneidI4 |  -.0660052   .0795197    -0.83   0.409    -.2245249    .0925144
    zoneidI5 |  -.1383152   .0951514    -1.45   0.150    -.3279961    .0513657
    zoneidI6 |   .0419265   .0869246     0.48   0.631    -.1313545    .2152075
    zoneidI7 |   -.058316   .0986143    -0.59   0.556       -.2549     .138268
    zoneidI8 |   .0329013   .0661333     0.50   0.620     -.098933    .1647357
      female |  -.9410593    .051637   -18.22   0.000    -1.043996   -.8381227
std98_base~2 |   .0998754   .0891448     1.12   0.266    -.0778316    .2775824
std98_base~3 |   .1544311   .1077473     1.43   0.156    -.0603592    .3692213
std98_base~4 |   .2123966   .0786247     2.70   0.009      .055661    .3691321
std98_base~5 |   .3436615   .0827836     4.15   0.000     .1786354    .5086876
std98_base~6 |   .3686791   .0773508     4.77   0.000     .2144832    .5228751
month_int~I2 |   .3200469   .1020231     3.14   0.002     .1166676    .5234262
month_inte~3 |   .2179461   .1302724     1.67   0.099    -.0417472    .4776395
month_inte~4 |   .4011972   .1268167     3.16   0.002     .1483927    .6540017
month_inte~5 |    .360641   .1673358     2.16   0.034     .0270632    .6942187
month_inte~6 |   .3860218   .1199348     3.22   0.002     .1469361    .6251076
month_inte~7 |   .2900875   .1135331     2.56   0.013     .0637634    .5164116
month_inte~8 |   .3638677   .1213142     3.00   0.004     .1220324    .6057031
month_inte~9 |   .4737045    .123553     3.83   0.000     .2274061    .7200029
month_int~10 |   .3732031   .1271482     2.94   0.004     .1197378    .6266685
month_int~11 |   .5641572   .1280518     4.41   0.000     .3088906    .8194237
month_int~12 |   .6486957   .1316515     4.93   0.000     .3862532    .9111381
       wave2 |  -.4179099   .1093578    -3.82   0.000    -.6359108   -.1999091
             |
        year |
       2008  |   .3378054   .1578608     2.14   0.036     .0231156    .6524952
       2009  |   .7329342   .1796533     4.08   0.000     .3748018    1.091067
       2011  |   .1687108   .1580326     1.07   0.289    -.1463215    .4837431
       2012  |   .8250877   .1431803     5.76   0.000      .539663    1.110512
       2013  |   .9943036   .1881936     5.28   0.000     .6191465    1.369461
       2014  |   1.168222   .2138219     5.46   0.000     .7419756    1.594468
       2017  |   .6758562   .1268926     5.33   0.000     .4229005     .928812
       2018  |   1.129945   .1579139     7.16   0.000     .8151499    1.444741
       2019  |    1.70331   .2063314     8.26   0.000     1.291996    2.114624
             |
       voced |    -.16366   .0619322    -2.64   0.010    -.2871197   -.0402004
       _cons |   5.832987   .1858877    31.38   0.000     5.462427    6.203547
------------------------------------------------------------------------------
(est4 stored)

Duplicates in terms of all variables

(13,808 observations deleted)
file C:\Users\thepe\AppData\Local\Temp\ST_3b58_000029.tmp saved
(sum of wgt is 46,442.8278018236)

Linear regression                               Number of obs     =     13,628
                                                F(41, 72)         =      56.05
                                                Prob > F          =     0.0000
                                                R-squared         =     0.1340
                                                Root MSE          =     1897.1

                             (Std. Err. adjusted for 73 clusters in psdpsch98)
------------------------------------------------------------------------------
             |               Robust
wage_ea~2m_t |      Coef.   Std. Err.      t    P>|t|     [95% Conf. Interval]
-------------+----------------------------------------------------------------
   treatment |   55.31908   63.98617     0.86   0.390    -72.23502    182.8732
cost_sharing |  -52.27057   62.37169    -0.84   0.405    -176.6063    72.06512
saturatio~4k |  -291.2664   279.4151    -1.04   0.301    -848.2701    265.7374
   avgtest96 |   159.4448   84.47744     1.89   0.063    -8.957914    327.8475
     pup_pop |  -.0544111   .1257018    -0.43   0.666    -.3049931    .1961709
demeaned_~4k |   .0492954   .0235812     2.09   0.040      .002287    .0963037
    zoneidI2 |    19.8359   91.76459     0.22   0.829    -163.0935    202.7653
    zoneidI3 |   205.5174    101.984     2.02   0.048     2.216012    408.8188
    zoneidI4 |   141.2109   115.2064     1.23   0.224    -88.44874    370.8706
    zoneidI5 |   42.37287   101.9457     0.42   0.679    -160.8521    245.5979
    zoneidI6 |   90.91636   100.9076     0.90   0.371    -110.2392    292.0719
    zoneidI7 |   126.5768   96.78467     1.31   0.195    -66.35994    319.5135
    zoneidI8 |    187.413   97.53775     1.92   0.059    -7.024973    381.8509
      female |  -886.0003   50.00535   -17.72   0.000    -985.6841   -786.3164
std98_base~2 |   66.05532   69.80519     0.95   0.347    -73.09879    205.2094
std98_base~3 |   172.8683   76.20392     2.27   0.026     20.95856     324.778
std98_base~4 |   226.9576   78.62619     2.89   0.005     70.21912     383.696
std98_base~5 |   450.8674   87.88918     5.13   0.000     275.6636    626.0713
std98_base~6 |   381.8477   67.31745     5.67   0.000     247.6528    516.0426
month_int~I2 |   353.7595   104.0906     3.40   0.001     146.2587    561.2604
month_inte~3 |   209.6607   112.0367     1.87   0.065    -13.68044    433.0018
month_inte~4 |   346.1204    114.049     3.03   0.003     118.7679    573.4729
month_inte~5 |   449.0542   195.1288     2.30   0.024      60.0721    838.0363
month_inte~6 |   470.6688    160.896     2.93   0.005     149.9285    791.4092
month_inte~7 |   325.0422   110.9053     2.93   0.005     103.9565    546.1278
month_inte~8 |    338.679   101.9489     3.32   0.001     135.4476    541.9103
month_inte~9 |   462.2746   108.9376     4.24   0.000     245.1114    679.4379
month_int~10 |   421.8993   112.4785     3.75   0.000     197.6775    646.1211
month_int~11 |   583.3375   120.3576     4.85   0.000     343.4089    823.2661
month_int~12 |   505.2825   121.6587     4.15   0.000     262.7603    747.8048
       wave2 |  -415.9529   115.3271    -3.61   0.001    -645.8533   -186.0526
             |
        year |
       2008  |    290.086   59.57033     4.87   0.000     171.3347    408.8373
       2009  |   650.5687   145.9366     4.46   0.000     359.6494    941.4879
       2011  |   330.2213   71.11343     4.64   0.000     188.4593    471.9834
       2012  |   819.0025   68.54934    11.95   0.000     682.3519    955.6531
       2013  |   1230.166   138.3343     8.89   0.000     954.4017    1505.931
       2014  |    1436.68   177.6782     8.09   0.000     1082.485    1790.875
       2017  |   1255.364   86.16454    14.57   0.000     1083.599     1427.13
       2018  |   1510.759    133.833    11.29   0.000     1243.968    1777.551
       2019  |   2401.189   176.3877    13.61   0.000     2049.567    2752.811
             |
       voced |  -213.6092    61.5533    -3.47   0.001    -336.3135   -90.90496
       _cons |  -92.10102   138.7086    -0.66   0.509    -368.6116    184.4096
------------------------------------------------------------------------------
(est5 stored)

Duplicates in terms of all variables

(13,808 observations deleted)
(note: variable outcome was str14, now str16 to accommodate using data's
       values)
file C:\Users\thepe\AppData\Local\Temp\ST_3b58_000029.tmp saved
(sum of wgt is 46,497.7570006847)

Linear regression                               Number of obs     =     13,638
                                                F(41, 72)         =      37.68
                                                Prob > F          =     0.0000
                                                R-squared         =     0.0665
                                                Root MSE          =      770.3

                             (Std. Err. adjusted for 73 clusters in psdpsch98)
------------------------------------------------------------------------------
             |               Robust
self_ea~2m_t |      Coef.   Std. Err.      t    P>|t|     [95% Conf. Interval]
-------------+----------------------------------------------------------------
   treatment |   29.76938   23.00809     1.29   0.200    -16.09641    75.63517
cost_sharing |  -1.365822   25.58362    -0.05   0.958    -52.36584     49.6342
saturatio~4k |   21.77374   74.93401     0.29   0.772    -127.6045     171.152
   avgtest96 |  -17.88706   28.83943    -0.62   0.537    -75.37741    39.60329
     pup_pop |  -.0627583   .0541475    -1.16   0.250    -.1706994    .0451828
demeaned_~4k |  -.0043006   .0092385    -0.47   0.643    -.0227173     .014116
    zoneidI2 |   41.46336   34.09308     1.22   0.228    -26.49996    109.4267
    zoneidI3 |   28.41539    41.4507     0.69   0.495    -54.21507    111.0458
    zoneidI4 |  -10.29309   30.48941    -0.34   0.737    -71.07262    50.48644
    zoneidI5 |   4.961727   26.18198     0.19   0.850    -47.23109    57.15455
    zoneidI6 |    12.9776   32.40971     0.40   0.690    -51.62998    77.58517
    zoneidI7 |   26.99515   37.56862     0.72   0.475    -47.89654    101.8868
    zoneidI8 |   -5.27006   29.03715    -0.18   0.856    -63.15456    52.61444
      female |  -182.4456   21.57681    -8.46   0.000    -225.4582    -139.433
std98_base~2 |   31.05113   28.94239     1.07   0.287    -26.64446    88.74673
std98_base~3 |   76.32752     32.489     2.35   0.022     11.56189    141.0932
std98_base~4 |   97.89537   33.18429     2.95   0.004     31.74369     164.047
std98_base~5 |   133.2157   38.89473     3.43   0.001     55.68049    210.7509
std98_base~6 |   121.0384   28.60764     4.23   0.000     64.01011    178.0667
month_int~I2 |   25.41232   39.12085     0.65   0.518    -52.57367    103.3983
month_inte~3 |   21.50506   60.74537     0.35   0.724    -99.58862    142.5987
month_inte~4 |   48.99803   56.87988     0.86   0.392    -64.38994     162.386
month_inte~5 |   27.48447   58.68219     0.47   0.641    -89.49634    144.4653
month_inte~6 |    100.967   68.77074     1.47   0.146    -36.12493     238.059
month_inte~7 |   83.86373   49.78238     1.68   0.096    -15.37562    183.1031
month_inte~8 |   88.01917    52.6365     1.67   0.099    -16.90978    192.9481
month_inte~9 |   57.50359   34.16431     1.68   0.097    -10.60171    125.6089
month_int~10 |   116.7166   39.81265     2.93   0.005     37.35156    196.0817
month_int~11 |   45.14828   39.64102     1.14   0.259    -33.87465    124.1712
month_int~12 |   107.3803   46.42083     2.31   0.024      14.8421    199.9186
       wave2 |  -5.886082   54.13527    -0.11   0.914    -113.8028    102.0306
             |
        year |
       2008  |   11.45553   21.40168     0.54   0.594    -31.20794      54.119
       2009  |   40.40893   62.32417     0.65   0.519    -83.83203    164.6499
       2011  |   114.7644   26.37869     4.35   0.000     62.17943    167.3493
       2012  |   163.3809   33.59338     4.86   0.000     96.41373    230.3481
       2013  |   218.2501   63.18907     3.45   0.001     92.28496    344.2152
       2014  |   229.7979   75.39958     3.05   0.003     79.49157    380.1042
       2017  |    331.776   34.98206     9.48   0.000     262.0405    401.5114
       2018  |   480.0849   61.21198     7.84   0.000      358.061    602.1087
       2019  |   491.9452    99.0087     4.97   0.000      294.575    689.3154
             |
       voced |   7.633224   33.17178     0.23   0.819     -58.4935    73.75995
       _cons |  -39.15193   56.10133    -0.70   0.488    -150.9879    72.68402
------------------------------------------------------------------------------
(est6 stored)

Duplicates in terms of all variables

(13,808 observations deleted)
(note: variable outcome was str14, now str16 to accommodate using data's
       values)
file C:\Users\thepe\AppData\Local\Temp\ST_3b58_000029.tmp saved
(sum of wgt is 46,734.3808832169)

Linear regression                               Number of obs     =     13,707
                                                F(41, 72)         =      20.23
                                                Prob > F          =     0.0000
                                                R-squared         =     0.0349
                                                Root MSE          =     68.373

                             (Std. Err. adjusted for 73 clusters in psdpsch98)
------------------------------------------------------------------------------
             |               Robust
farm_ea~2m_t |      Coef.   Std. Err.      t    P>|t|     [95% Conf. Interval]
-------------+----------------------------------------------------------------
   treatment |  -.0588241   2.156592    -0.03   0.978    -4.357911    4.240263
cost_sharing |   1.944687   2.053164     0.95   0.347    -2.148221    6.037595
saturatio~4k |  -9.191162   7.602303    -1.21   0.231    -24.34608    5.963752
   avgtest96 |   4.143731   2.084031     1.99   0.051    -.0107096    8.298171
     pup_pop |   .0017229   .0032794     0.53   0.601    -.0048144    .0082602
demeaned_~4k |  -.0015086   .0010075    -1.50   0.139     -.003517    .0004999
    zoneidI2 |   1.457217   3.301371     0.44   0.660    -5.123947     8.03838
    zoneidI3 |  -1.929034   2.521004    -0.77   0.447    -6.954564    3.096496
    zoneidI4 |    4.21435   3.177172     1.33   0.189    -2.119226    10.54793
    zoneidI5 |  -4.116599   4.239146    -0.97   0.335    -12.56718    4.333983
    zoneidI6 |   -.462039   3.209677    -0.14   0.886    -6.860413    5.936335
    zoneidI7 |  -.1863556   3.305888    -0.06   0.955    -6.776523    6.403812
    zoneidI8 |    .174798   3.504907     0.05   0.960    -6.812107    7.161703
      female |  -2.957835   1.759091    -1.68   0.097     -6.46452    .5488495
std98_base~2 |   1.047484   2.295273     0.46   0.650     -3.52806    5.623028
std98_base~3 |   1.160518   3.005544     0.39   0.701    -4.830925     7.15196
std98_base~4 |   1.074573   2.386096     0.45   0.654    -3.682024    5.831169
std98_base~5 |   1.484319   2.389588     0.62   0.536    -3.279238    6.247877
std98_base~6 |  -1.846387   3.081053    -0.60   0.551    -7.988354     4.29558
month_int~I2 |   .7910692   3.493891     0.23   0.822    -6.173876    7.756014
month_inte~3 |  -3.709626   4.432466    -0.84   0.405    -12.54559    5.126334
month_inte~4 |  -.4936867   4.518484    -0.11   0.913    -9.501121    8.513747
month_inte~5 |   3.655008   5.399928     0.68   0.501     -7.10955    14.41957
month_inte~6 |  -7.927524   6.128077    -1.29   0.200    -20.14362    4.288575
month_inte~7 |  -6.965458   2.911992    -2.39   0.019    -12.77041   -1.160508
month_inte~8 |  -1.030364   2.842145    -0.36   0.718    -6.696076    4.635349
month_inte~9 |  -.5922385   3.035706    -0.20   0.846    -6.643809    5.459332
month_int~10 |   2.015611   3.654876     0.55   0.583     -5.27025    9.301473
month_int~11 |   5.045962   3.911206     1.29   0.201    -2.750884    12.84281
month_int~12 |  -1.157582   3.776233    -0.31   0.760    -8.685365      6.3702
       wave2 |   8.372991   2.881946     2.91   0.005     2.627937    14.11805
             |
        year |
       2008  |   .7686307   1.128643     0.68   0.498    -1.481279     3.01854
       2009  |  -8.682126   3.255627    -2.67   0.009     -15.1721   -2.192153
       2011  |   2.748043   1.587059     1.73   0.088    -.4157009    5.911787
       2012  |    7.08389   1.296922     5.46   0.000     4.498522    9.669257
       2013  |  -3.562705   3.461411    -1.03   0.307     -10.4629    3.337491
       2014  |  -.9949684   3.940997    -0.25   0.801    -8.851203    6.861266
       2017  |   21.71086   2.902271     7.48   0.000     15.92529    27.49644
       2018  |   29.18463   4.351511     6.71   0.000     20.51005    37.85921
       2019  |   17.27519   6.536354     2.64   0.010     4.245208    30.30518
             |
       voced |  -5.686641   1.941759    -2.93   0.005    -9.557467   -1.815814
       _cons |   .4272186   5.012295     0.09   0.932    -9.564609    10.41905
------------------------------------------------------------------------------
(est7 stored)

Duplicates in terms of all variables

(13,808 observations deleted)
(note: variable outcome was str14, now str16 to accommodate using data's
       values)
file C:\Users\thepe\AppData\Local\Temp\ST_3b58_000029.tmp saved
(sum of wgt is 47,006.6540156603)

Linear regression                               Number of obs     =     13,794
                                                F(41, 72)         =     340.92
                                                Prob > F          =     0.0000
                                                R-squared         =     0.2771
                                                Root MSE          =     .41716

                             (Std. Err. adjusted for 73 clusters in psdpsch98)
------------------------------------------------------------------------------
             |               Robust
nonzero_~12m |      Coef.   Std. Err.      t    P>|t|     [95% Conf. Interval]
-------------+----------------------------------------------------------------
   treatment |   .0185843   .0121176     1.53   0.129    -.0055716    .0427402
cost_sharing |  -.0027456   .0117122    -0.23   0.815    -.0260935    .0206024
saturatio~4k |   -.008112   .0394993    -0.21   0.838    -.0868524    .0706284
   avgtest96 |  -.0011657   .0138436    -0.08   0.933    -.0287624    .0264311
     pup_pop |  -2.08e-06   .0000271    -0.08   0.939    -.0000561    .0000519
demeaned_~4k |  -2.26e-06   5.87e-06    -0.39   0.701     -.000014    9.44e-06
    zoneidI2 |   .0517114   .0202891     2.55   0.013     .0112657     .092157
    zoneidI3 |   .0388685   .0202961     1.92   0.059    -.0015911     .079328
    zoneidI4 |   .0889562   .0221561     4.01   0.000     .0447888    .1331237
    zoneidI5 |   .0050542   .0186262     0.27   0.787    -.0320763    .0421848
    zoneidI6 |   .0270998   .0209103     1.30   0.199    -.0145842    .0687838
    zoneidI7 |   .0372919   .0219244     1.70   0.093    -.0064135    .0809973
    zoneidI8 |   .0378621   .0173233     2.19   0.032     .0033287    .0723956
      female |  -.2095377   .0089722   -23.35   0.000    -.2274234   -.1916519
std98_base~2 |   .0502937   .0147991     3.40   0.001     .0207923    .0797951
std98_base~3 |   .0985335   .0164015     6.01   0.000     .0658378    .1312292
std98_base~4 |   .1482085   .0177056     8.37   0.000     .1129131    .1835039
std98_base~5 |   .1612285    .017425     9.25   0.000     .1264924    .1959646
std98_base~6 |   .1737486    .018166     9.56   0.000     .1375353    .2099619
month_int~I2 |   .0225745   .0188152     1.20   0.234    -.0149328    .0600819
month_inte~3 |   .0743081   .0236075     3.15   0.002     .0272474    .1213688
month_inte~4 |   .0634333   .0238646     2.66   0.010     .0158601    .1110065
month_inte~5 |   .0571161   .0234266     2.44   0.017     .0104159    .1038162
month_inte~6 |   .1225178   .0242372     5.05   0.000     .0742019    .1708337
month_inte~7 |   .1230321   .0241494     5.09   0.000     .0748912    .1711731
month_inte~8 |   .1289441   .0240189     5.37   0.000     .0810633    .1768249
month_inte~9 |   .1307252   .0297118     4.40   0.000     .0714958    .1899545
month_int~10 |   .1802434   .0263675     6.84   0.000     .1276807    .2328061
month_int~11 |   .1360657   .0257202     5.29   0.000     .0847934     .187338
month_int~12 |   .1292956   .0329854     3.92   0.000     .0635405    .1950508
       wave2 |  -.1256613   .0232795    -5.40   0.000    -.1720681   -.0792544
             |
        year |
       2008  |   .1401858   .0218864     6.41   0.000     .0965562    .1838155
       2009  |   .3080648   .0372706     8.27   0.000     .2337672    .3823624
       2011  |   .3076462   .0332538     9.25   0.000      .241356    .3739365
       2012  |   .4234847   .0230795    18.35   0.000     .3774766    .4694929
       2013  |   .6160251    .031262    19.71   0.000     .5537054    .6783449
       2014  |   .6962654    .042489    16.39   0.000     .6115652    .7809656
       2017  |   .6083892   .0154003    39.51   0.000     .5776893    .6390892
       2018  |   .7345512   .0291041    25.24   0.000     .6765332    .7925692
       2019  |   .8478605   .0377865    22.44   0.000     .7725345    .9231866
             |
       voced |   .0212251   .0129703     1.64   0.106    -.0046307    .0470808
       _cons |   .0315025    .035788     0.88   0.382    -.0398396    .1028447
------------------------------------------------------------------------------
(est8 stored)

Duplicates in terms of all variables

(13,808 observations deleted)
file C:\Users\thepe\AppData\Local\Temp\ST_3b58_000029.tmp saved
(sum of wgt is 21,984.3045457602)

Linear regression                               Number of obs     =      6,096
                                                F(41, 72)         =      25.14
                                                Prob > F          =     0.0000
                                                R-squared         =     0.1049
                                                Root MSE          =     1.5338

                             (Std. Err. adjusted for 73 clusters in psdpsch98)
------------------------------------------------------------------------------
             |               Robust
tot_hre~2m_t |      Coef.   Std. Err.      t    P>|t|     [95% Conf. Interval]
-------------+----------------------------------------------------------------
   treatment |   .1105572   .0827286     1.34   0.186    -.0543593    .2754737
cost_sharing |  -.2077583   .0778808    -2.67   0.009    -.3630108   -.0525057
saturatio~4k |  -.1570957   .2339637    -0.67   0.504    -.6234938    .3093023
   avgtest96 |  -.0413242   .0960893    -0.43   0.668    -.2328747    .1502262
     pup_pop |   .0001704   .0001452     1.17   0.245    -.0001191    .0004599
demeaned_~4k |   .0000127   .0000225     0.56   0.575    -.0000322    .0000576
    zoneidI2 |  -.0738436   .0864341    -0.85   0.396     -.246147    .0984597
    zoneidI3 |  -.0742334   .0958927    -0.77   0.441    -.2653919    .1169251
    zoneidI4 |  -.0578396   .1045254    -0.55   0.582    -.2662072     .150528
    zoneidI5 |  -.0007771   .0842928    -0.01   0.993    -.1688116    .1672575
    zoneidI6 |   .0099101   .0890156     0.11   0.912    -.1675392    .1873595
    zoneidI7 |   .3446868   .1985317     1.74   0.087     -.051079    .7404526
    zoneidI8 |   .1976622   .1361471     1.45   0.151    -.0737421    .4690666
      female |   -.738344   .0699119   -10.56   0.000    -.8777107   -.5989773
std98_base~2 |   .2260465   .1093339     2.07   0.042     .0080935    .4439996
std98_base~3 |   .3999843   .1440896     2.78   0.007      .112747    .6872217
std98_base~4 |   .2397192   .0844969     2.84   0.006     .0712777    .4081607
std98_base~5 |   .4253416   .0979885     4.34   0.000     .2300051    .6206781
std98_base~6 |   .4143322   .0901642     4.60   0.000     .2345932    .5940712
month_int~I2 |   .3231201   .1136938     2.84   0.006     .0964758    .5497645
month_inte~3 |   .2680867   .3178485     0.84   0.402    -.3655327     .901706
month_inte~4 |   .2734681   .1513231     1.81   0.075     -.028189    .5751253
month_inte~5 |   .4565893   .1891501     2.41   0.018     .0795254    .8336532
month_inte~6 |   .2659991    .149359     1.78   0.079    -.0317425    .5637408
month_inte~7 |   .3416072   .1585606     2.15   0.035     .0255223     .657692
month_inte~8 |   .4871426   .1914475     2.54   0.013      .105499    .8687863
month_inte~9 |   .4439281   .1761887     2.52   0.014     .0927023     .795154
month_int~10 |   .4334356   .1649747     2.63   0.011     .1045645    .7623066
month_int~11 |   .4857462   .1728167     2.81   0.006     .1412423      .83025
month_int~12 |   .4466948   .1825848     2.45   0.017     .0827186    .8106709
       wave2 |  -.6588741    .244051    -2.70   0.009    -1.145381   -.1723672
             |
        year |
       2008  |   .1667895   .0924787     1.80   0.075    -.0175634    .3511425
       2009  |   .7877474   .2902598     2.71   0.008      .209125     1.36637
       2011  |   .2460002    .087671     2.81   0.006     .0712312    .4207692
       2012  |    .632805    .096382     6.57   0.000      .440671    .8249391
       2013  |   1.169842   .2599996     4.50   0.000     .6515418    1.688141
       2014  |   1.388338   .3293262     4.22   0.000     .7318383    2.044838
       2017  |    .673294   .0827112     8.14   0.000     .5084123    .8381758
       2018  |   1.365384   .2779674     4.91   0.000     .8112665    1.919502
       2019  |   1.846209   .3388041     5.45   0.000     1.170815    2.521603
             |
       voced |   -.204414   .1170902    -1.75   0.085    -.4378292    .0290011
       _cons |  -.0456667   .2613763    -0.17   0.862    -.5667109    .4753775
------------------------------------------------------------------------------
(est9 stored)

Duplicates in terms of all variables

(13,808 observations deleted)
(note: variable outcome was str15, now str16 to accommodate using data's
       values)
file C:\Users\thepe\AppData\Local\Temp\ST_3b58_000029.tmp saved
(sum of wgt is 15,523.533302784)

Linear regression                               Number of obs     =      4,085
                                                F(34, 72)         =       9.24
                                                Prob > F          =     0.0000
                                                R-squared         =     0.0457
                                                Root MSE          =     707.14

                             (Std. Err. adjusted for 73 clusters in psdpsch98)
------------------------------------------------------------------------------
             |               Robust
tot_wealth_t |      Coef.   Std. Err.      t    P>|t|     [95% Conf. Interval]
-------------+----------------------------------------------------------------
   treatment |   91.31689   53.46568     1.71   0.092      -15.265    197.8988
cost_sharing |  -70.40584   40.69764    -1.73   0.088    -151.5351    10.72343
saturatio~4k |   6.328459    146.513     0.04   0.966    -285.7399    298.3968
   avgtest96 |   95.47844   37.32286     2.56   0.013     21.07667    169.8802
     pup_pop |   .0785148   .0766871     1.02   0.309    -.0743581    .2313876
demeaned_~4k |   .0084819    .014371     0.59   0.557    -.0201661    .0371299
    zoneidI2 |   1.401459    62.4889     0.02   0.982    -123.1679    125.9708
    zoneidI3 |   14.56552    61.3603     0.24   0.813     -107.754     136.885
    zoneidI4 |    35.1698   59.02283     0.60   0.553    -82.49007    152.8297
    zoneidI5 |    8.37461   73.58167     0.11   0.910    -138.3078     155.057
    zoneidI6 |  -32.08472   62.05238    -0.52   0.607    -155.7839    91.61444
    zoneidI7 |   58.23383   87.06759     0.67   0.506    -115.3322    231.7999
    zoneidI8 |  -54.20726   54.96805    -0.99   0.327    -163.7841    55.36955
      female |  -211.5918   35.99383    -5.88   0.000    -283.3441   -139.8394
std98_base~2 |  -7.908056   42.34547    -0.19   0.852    -92.32222    76.50611
std98_base~3 |   57.95826   65.52079     0.88   0.379    -72.65505    188.5716
std98_base~4 |  -12.80142   50.20608    -0.25   0.799    -112.8854    87.28258
std98_base~5 |   114.6056   62.54011     1.83   0.071    -10.06583     239.277
std98_base~6 |   50.84432   50.79239     1.00   0.320    -50.40845    152.0971
month_int~I2 |   63.77446   57.47208     1.11   0.271    -50.79404     178.343
month_inte~3 |   124.4447   126.0938     0.99   0.327    -126.9187    375.8081
month_inte~4 |   64.60318   68.04705     0.95   0.346    -71.04613    200.2525
month_inte~5 |   127.3355   103.6227     1.23   0.223     -79.2326    333.9037
month_inte~6 |    43.5396   98.88129     0.44   0.661    -153.5767    240.6559
month_inte~7 |   59.72791   148.9178     0.40   0.690    -237.1343    356.5901
month_inte~8 |   99.22501    144.918     0.68   0.496    -189.6637    388.1137
month_inte~9 |   80.19945   139.1473     0.58   0.566    -197.1856    357.5845
month_int~10 |   209.7848   146.5586     1.43   0.157    -82.37438     501.944
month_int~11 |   199.9636   136.2787     1.47   0.147    -71.70307    471.6303
month_int~12 |    64.2822   134.2354     0.48   0.633    -203.3112    331.8755
       wave2 |  -163.1091   134.0638    -1.22   0.228    -430.3605    104.1423
             |
        year |
       2018  |   193.9636   146.7104     1.32   0.190     -98.4983    486.4255
       2019  |   310.0147    252.611     1.23   0.224    -193.5562    813.5856
             |
       voced |  -12.27678   65.66636    -0.19   0.852    -143.1803    118.6267
       _cons |   374.8021   157.6835     2.38   0.020      60.4658    689.1384
------------------------------------------------------------------------------
(est10 stored)

Duplicates in terms of all variables

(13,808 observations deleted)
(note: variable outcome was str12, now str16 to accommodate using data's
       values)
file C:\Users\thepe\AppData\Local\Temp\ST_3b58_000029.tmp saved
(sum of wgt is 47,038.7125507593)

Linear regression                               Number of obs     =     13,793
                                                F(41, 72)         =      66.05
                                                Prob > F          =     0.0000
                                                R-squared         =     0.0838
                                                Root MSE          =     .47818

                             (Std. Err. adjusted for 73 clusters in psdpsch98)
------------------------------------------------------------------------------
             |               Robust
       urban |      Coef.   Std. Err.      t    P>|t|     [95% Conf. Interval]
-------------+----------------------------------------------------------------
   treatment |   .0357793   .0195044     1.83   0.071     -.003102    .0746607
cost_sharing |  -.0164947   .0209046    -0.79   0.433    -.0581673    .0251778
saturatio~4k |   .0517986   .0615479     0.84   0.403    -.0708948    .1744921
   avgtest96 |   .0504521   .0197985     2.55   0.013     .0109845    .0899198
     pup_pop |  -.0000306   .0000436    -0.70   0.485    -.0001175    .0000563
demeaned_~4k |   .0000127   8.78e-06     1.45   0.152    -4.79e-06    .0000302
    zoneidI2 |  -.0888035   .0281744    -3.15   0.002    -.1449682   -.0326388
    zoneidI3 |  -.0456351   .0311877    -1.46   0.148    -.1078068    .0165365
    zoneidI4 |  -.0576619   .0265866    -2.17   0.033    -.1106613   -.0046624
    zoneidI5 |  -.0316005   .0274684    -1.15   0.254    -.0863577    .0231567
    zoneidI6 |   .0390264   .0302583     1.29   0.201    -.0212924    .0993453
    zoneidI7 |  -.0061932   .0280873    -0.22   0.826    -.0621842    .0497977
    zoneidI8 |   .0628578   .0351031     1.79   0.078     -.007119    .1328346
      female |  -.0776058   .0138966    -5.58   0.000    -.1053082   -.0499034
std98_base~2 |   .0281488   .0180586     1.56   0.123    -.0078503     .064148
std98_base~3 |   .0319245   .0237321     1.35   0.183    -.0153845    .0792335
std98_base~4 |   .0685984   .0218067     3.15   0.002     .0251276    .1120693
std98_base~5 |   .0647236   .0248284     2.61   0.011     .0152291    .1142181
std98_base~6 |   .0917717   .0221887     4.14   0.000     .0475393    .1360042
month_int~I2 |   .0931638   .0329905     2.82   0.006     .0273985    .1589291
month_inte~3 |   .1190406   .0326036     3.65   0.000     .0540466    .1840346
month_inte~4 |      .0996   .0326827     3.05   0.003     .0344482    .1647517
month_inte~5 |   .1618295   .0365476     4.43   0.000     .0889732    .2346858
month_inte~6 |   .1849611   .0297814     6.21   0.000     .1255929    .2443293
month_inte~7 |   .1306455   .0350068     3.73   0.000     .0608608    .2004303
month_inte~8 |   .2060002   .0259133     7.95   0.000     .1543429    .2576574
month_inte~9 |   .2416743   .0309451     7.81   0.000     .1799863    .3033623
month_int~10 |   .1622175   .0359385     4.51   0.000     .0905754    .2338597
month_int~11 |   .2591947   .0347754     7.45   0.000     .1898711    .3285183
month_int~12 |   .1582666   .0338757     4.67   0.000     .0907366    .2257966
       wave2 |  -.1615102   .0392092    -4.12   0.000    -.2396723   -.0833481
             |
        year |
       2008  |   .2340056   .0333649     7.01   0.000     .1674939    .3005174
       2009  |   .4163793   .0514823     8.09   0.000     .3137512    .5190075
       2011  |  -.0896987   .0344316    -2.61   0.011    -.1583369   -.0210605
       2012  |   .2729071   .0293461     9.30   0.000     .2144066    .3314076
       2013  |   .3068665   .0559089     5.49   0.000     .1954143    .4183188
       2014  |   .4857159    .061766     7.86   0.000     .3625876    .6088442
       2017  |   .3644984   .0300024    12.15   0.000     .3046896    .4243072
       2018  |    .453306   .0510231     8.88   0.000     .3515934    .5550187
       2019  |   .6054234     .06412     9.44   0.000     .4776025    .7332443
             |
       voced |  -.0357771   .0186386    -1.92   0.059    -.0729325    .0013783
       _cons |   .0538375   .0415989     1.29   0.200    -.0290885    .1367634
------------------------------------------------------------------------------
(est11 stored)

Duplicates in terms of all variables

(13,808 observations deleted)
(note: variable outcome was str5, now str16 to accommodate using data's
       values)
file C:\Users\thepe\AppData\Local\Temp\ST_3b58_000029.tmp saved
(sum of wgt is 47,122.4576869011)

Linear regression                               Number of obs     =     13,807
                                                F(41, 72)         =     358.11
                                                Prob > F          =     0.0000
                                                R-squared         =     0.2561
                                                Root MSE          =      23.62

                             (Std. Err. adjusted for 73 clusters in psdpsch98)
------------------------------------------------------------------------------
             |               Robust
     tot_hrs |      Coef.   Std. Err.      t    P>|t|     [95% Conf. Interval]
-------------+----------------------------------------------------------------
   treatment |   .8643111   .7307051     1.18   0.241    -.5923228    2.320945
cost_sharing |  -.2828492    .619455    -0.46   0.649     -1.51771    .9520118
saturatio~4k |  -.2986425   2.148411    -0.14   0.890    -4.581421    3.984136
   avgtest96 |   .8387672   .7361985     1.14   0.258    -.6288176    2.306352
     pup_pop |  -.0010222   .0013733    -0.74   0.459    -.0037597    .0017154
demeaned_~4k |      .0004   .0003746     1.07   0.289    -.0003467    .0011468
    zoneidI2 |   2.705133   1.133153     2.39   0.020     .4462347    4.964031
    zoneidI3 |   2.583431   1.252371     2.06   0.043     .0868744    5.079988
    zoneidI4 |   2.167822   1.073321     2.02   0.047     .0281955    4.307449
    zoneidI5 |   .4829136   1.152435     0.42   0.676    -1.814423     2.78025
    zoneidI6 |   3.184337    1.42122     2.24   0.028     .3511869    6.017487
    zoneidI7 |   1.453312     .98032     1.48   0.143    -.5009204    3.407544
    zoneidI8 |   3.830056   1.181301     3.24   0.002     1.475175    6.184937
      female |  -10.31045   .6687159   -15.42   0.000    -11.64351   -8.977384
std98_base~2 |   2.822681   1.046902     2.70   0.009     .7357198    4.909641
std98_base~3 |   2.766129   .9717942     2.85   0.006     .8288921    4.703365
std98_base~4 |   6.041468   1.091491     5.54   0.000      3.86562    8.217316
std98_base~5 |   8.579421   1.094164     7.84   0.000     6.398246     10.7606
std98_base~6 |   7.793217   1.036541     7.52   0.000     5.726911    9.859523
month_int~I2 |   4.095145   1.526199     2.68   0.009     1.052723    7.137566
month_inte~3 |   4.960131   1.694213     2.93   0.005     1.582778    8.337484
month_inte~4 |   7.301115   1.559496     4.68   0.000     4.192317    10.40991
month_inte~5 |   5.313178   2.525244     2.10   0.039     .2791955    10.34716
month_inte~6 |   8.112595   2.089788     3.88   0.000     3.946679    12.27851
month_inte~7 |   5.428365   1.942255     2.79   0.007      1.55655     9.30018
month_inte~8 |   5.618134   1.710932     3.28   0.002     2.207454    9.028815
month_inte~9 |     8.0933   1.722313     4.70   0.000     4.659933    11.52667
month_int~10 |   10.20504   1.652833     6.17   0.000     6.910178     13.4999
month_int~11 |   7.655465   1.803852     4.24   0.000     4.059553    11.25138
month_int~12 |   7.686967   2.345987     3.28   0.002     3.010328    12.36361
       wave2 |  -3.759145   1.812473    -2.07   0.042    -7.372244   -.1460454
             |
        year |
       2008  |   5.361738   1.008943     5.31   0.000     3.350447    7.373028
       2009  |   11.75378   2.229262     5.27   0.000      7.30983    16.19774
       2011  |   16.82496     1.2025    13.99   0.000     14.42782     19.2221
       2012  |   20.69673   1.129435    18.32   0.000     18.44524    22.94822
       2013  |   25.81248   2.188878    11.79   0.000     21.44904    30.17593
       2014  |   26.12666   2.427285    10.76   0.000     21.28795    30.96536
       2017  |   32.11472   1.119756    28.68   0.000     29.88253    34.34691
       2018  |   39.25693   1.823564    21.53   0.000     35.62173    42.89214
       2019  |   40.78601   2.673365    15.26   0.000     35.45675    46.11527
             |
       voced |   .7741577   1.109065     0.70   0.487    -1.436723    2.985038
       _cons |  -4.144514   2.128302    -1.95   0.055    -8.387207     .098179
------------------------------------------------------------------------------
(est12 stored)

Duplicates in terms of all variables

(13,808 observations deleted)
(note: variable outcome was str7, now str16 to accommodate using data's
       values)
file C:\Users\thepe\AppData\Local\Temp\ST_3b58_000029.tmp saved
(sum of wgt is 47,122.4576869011)

Linear regression                               Number of obs     =     13,807
                                                F(41, 72)         =      94.11
                                                Prob > F          =     0.0000
                                                R-squared         =     0.1123
                                                Root MSE          =     9.3257

                             (Std. Err. adjusted for 73 clusters in psdpsch98)
------------------------------------------------------------------------------
             |               Robust
    farm_hrs |      Coef.   Std. Err.      t    P>|t|     [95% Conf. Interval]
-------------+----------------------------------------------------------------
   treatment |  -.7758152    .342067    -2.27   0.026    -1.457713   -.0939171
cost_sharing |   .2221195   .2837351     0.78   0.436    -.3434961     .787735
saturatio~4k |  -.7112664   1.025346    -0.69   0.490    -2.755256    1.332724
   avgtest96 |  -.1670458   .3108263    -0.54   0.593    -.7866666     .452575
     pup_pop |   .0003994   .0006696     0.60   0.553    -.0009355    .0017342
demeaned_~4k |  -.0002855   .0001706    -1.67   0.099    -.0006256    .0000546
    zoneidI2 |  -.0680036   .4357863    -0.16   0.876    -.9367278    .8007205
    zoneidI3 |  -.1711552   .3294136    -0.52   0.605    -.8278292    .4855187
    zoneidI4 |  -.4070539   .8146045    -0.50   0.619    -2.030938     1.21683
    zoneidI5 |   .7403036    .309351     2.39   0.019     .1236238    1.356984
    zoneidI6 |   .2146595   .4971571     0.43   0.667    -.7764051    1.205724
    zoneidI7 |   .7049343   .3483287     2.02   0.047     .0105538    1.399315
    zoneidI8 |   2.051771   1.026701     2.00   0.049      .005079    4.098463
      female |   .4368182   .3036469     1.44   0.155    -.1684908    1.042127
std98_base~2 |   1.080681   .7943173     1.36   0.178    -.5027615    2.664124
std98_base~3 |   .1576466   .3091115     0.51   0.612     -.458556    .7738492
std98_base~4 |   .3875724   .3674308     1.05   0.295    -.3448875    1.120032
std98_base~5 |   .5382781   .3830893     1.41   0.164    -.2253965    1.301953
std98_base~6 |   .5709317    .331705     1.72   0.090      -.09031    1.232174
month_int~I2 |  -.1210534   .6184555    -0.20   0.845    -1.353922    1.111815
month_inte~3 |  -.1632974   .6916745    -0.24   0.814    -1.542125    1.215531
month_inte~4 |  -.9119603   .5231155    -1.74   0.086    -1.954772    .1308514
month_inte~5 |   1.583102   2.564395     0.62   0.539    -3.528926     6.69513
month_inte~6 |  -.2993573   .8222813    -0.36   0.717    -1.938545     1.33983
month_inte~7 |  -2.013869   .7021044    -2.87   0.005    -3.413489   -.6142496
month_inte~8 |  -.7493623   .8048668    -0.93   0.355    -2.353835    .8551104
month_inte~9 |   .1290529   .8423804     0.15   0.879    -1.550202    1.808308
month_int~10 |   .3234167   .9736836     0.33   0.741    -1.617586     2.26442
month_int~11 |  -1.028924    1.02796    -1.00   0.320    -3.078125    1.020277
month_int~12 |   -1.45255   1.062308    -1.37   0.176    -3.570222    .6651222
       wave2 |   1.497253   1.541468     0.97   0.335    -1.575608    4.570113
             |
        year |
       2008  |  -.0993772   .3983254    -0.25   0.804    -.8934244      .69467
       2009  |  -1.419133   1.776428    -0.80   0.427    -4.960378    2.122112
       2011  |   8.266092   .7009079    11.79   0.000     6.868858    9.663326
       2012  |   3.624639   .4037274     8.98   0.000     2.819823    4.429455
       2013  |    2.10079   1.578458     1.33   0.187    -1.045809    5.247389
       2014  |   1.104065   1.850888     0.60   0.553    -2.585613    4.793743
       2017  |   8.111213   .6893598    11.77   0.000     6.736999    9.485427
       2018  |   7.556246   1.889817     4.00   0.000     3.788965    11.32353
       2019  |   2.189233   1.704452     1.28   0.203    -1.208529    5.586995
             |
       voced |     .41271   .7498749     0.55   0.584    -1.082138    1.907558
       _cons |  -.4885223   1.367307    -0.36   0.722    -3.214199    2.237154
------------------------------------------------------------------------------
(est13 stored)

Duplicates in terms of all variables

(13,808 observations deleted)
(note: variable outcome was str8, now str16 to accommodate using data's
       values)
file C:\Users\thepe\AppData\Local\Temp\ST_3b58_000029.tmp saved
(sum of wgt is 47,122.4576869011)

Linear regression                               Number of obs     =     13,807
                                                F(41, 72)         =     254.67
                                                Prob > F          =     0.0000
                                                R-squared         =     0.1946
                                                Root MSE          =     23.848

                             (Std. Err. adjusted for 73 clusters in psdpsch98)
------------------------------------------------------------------------------
             |               Robust
 nonfarm_hrs |      Coef.   Std. Err.      t    P>|t|     [95% Conf. Interval]
-------------+----------------------------------------------------------------
   treatment |   1.640126   .6674967     2.46   0.016      .309496    2.970757
cost_sharing |  -.5049686   .6258063    -0.81   0.422    -1.752491    .7425535
saturatio~4k |   .4126238   2.327248     0.18   0.860    -4.226659    5.051907
   avgtest96 |   1.005813   .6838012     1.47   0.146    -.3573198    2.368946
     pup_pop |  -.0014215   .0014685    -0.97   0.336    -.0043489    .0015058
demeaned_~4k |   .0006856   .0003712     1.85   0.069    -.0000545    .0014256
    zoneidI2 |   2.773137   .9905924     2.80   0.007     .7984268    4.747847
    zoneidI3 |   2.754586   1.205657     2.28   0.025     .3511535    5.158019
    zoneidI4 |   2.574876   1.255995     2.05   0.044     .0710961    5.078656
    zoneidI5 |  -.2573901    1.14564    -0.22   0.823    -2.541182    2.026402
    zoneidI6 |   2.969677   1.513378     1.96   0.054    -.0471866    5.986541
    zoneidI7 |   .7483775   1.001294     0.75   0.457    -1.247666    2.744421
    zoneidI8 |   1.778285   1.201629     1.48   0.143    -.6171187    4.173689
      female |  -10.74726   .7427881   -14.47   0.000    -12.22798   -9.266542
std98_base~2 |      1.742   .9879666     1.76   0.082    -.2274758    3.711475
std98_base~3 |   2.608482   1.048766     2.49   0.015     .5178059    4.699158
std98_base~4 |   5.653895   1.090969     5.18   0.000     3.479089    7.828702
std98_base~5 |   8.041143   1.098122     7.32   0.000     5.852077    10.23021
std98_base~6 |   7.222286   1.107726     6.52   0.000     5.014074    9.430498
month_int~I2 |   4.216198   1.356764     3.11   0.003     1.511539    6.920857
month_inte~3 |   5.123428   1.768222     2.90   0.005     1.598542    8.648314
month_inte~4 |   8.213075   1.490459     5.51   0.000     5.241899    11.18425
month_inte~5 |   3.730076   2.007902     1.86   0.067    -.2726041    7.732757
month_inte~6 |   8.411953   1.917279     4.39   0.000     4.589928    12.23398
month_inte~7 |   7.442234   1.717774     4.33   0.000     4.017915    10.86655
month_inte~8 |   6.367496   1.407697     4.52   0.000     3.561303     9.17369
month_inte~9 |   7.964248   1.597563     4.99   0.000     4.779564    11.14893
month_int~10 |   9.881624   1.466861     6.74   0.000      6.95749    12.80576
month_int~11 |   8.684389   1.368565     6.35   0.000     5.956204    11.41257
month_int~12 |   9.139517    2.13459     4.28   0.000      4.88429    13.39474
       wave2 |  -5.256398   1.746086    -3.01   0.004    -8.737157   -1.775638
             |
        year |
       2008  |   5.461115   1.126322     4.85   0.000     3.215833    7.706396
       2009  |   13.17292   2.284101     5.77   0.000     8.619644    17.72619
       2011  |   8.558872   1.226026     6.98   0.000     6.114833    11.00291
       2012  |   17.07209   1.114688    15.32   0.000        14.85    19.29418
       2013  |   23.71169   1.971561    12.03   0.000     19.78146    27.64193
       2014  |   25.02259   2.349734    10.65   0.000     20.33848     29.7067
       2017  |   24.00351   1.222662    19.63   0.000     21.56618    26.44084
       2018  |   31.70069   1.857742    17.06   0.000     27.99735    35.40403
       2019  |   38.59678   2.796774    13.80   0.000     33.02151    44.17204
             |
       voced |   .3614477   1.178765     0.31   0.760    -1.988378    2.711274
       _cons |  -3.655992   1.879282    -1.95   0.056    -7.402272    .0902884
------------------------------------------------------------------------------
(est14 stored)

Duplicates in terms of all variables

(13,808 observations deleted)
(note: variable outcome was str11, now str16 to accommodate using data's
       values)
file C:\Users\thepe\AppData\Local\Temp\ST_3b58_000029.tmp saved
(sum of wgt is 46,886.8075098991)

Linear regression                               Number of obs     =     13,768
                                                F(41, 72)         =      11.97
                                                Prob > F          =     0.0000
                                                R-squared         =     0.0509
                                                Root MSE          =     .20775

                             (Std. Err. adjusted for 73 clusters in psdpsch98)
------------------------------------------------------------------------------
             |               Robust
 emp_ag_fish |      Coef.   Std. Err.      t    P>|t|     [95% Conf. Interval]
-------------+----------------------------------------------------------------
   treatment |   .0003866   .0072256     0.05   0.957    -.0140175    .0147906
cost_sharing |   .0037128   .0105797     0.35   0.727    -.0173775     .024803
saturatio~4k |   -.020192   .0274318    -0.74   0.464    -.0748762    .0344923
   avgtest96 |  -.0317374   .0138021    -2.30   0.024    -.0592514   -.0042233
     pup_pop |   .0000268   .0000193     1.39   0.168    -.0000116    .0000653
demeaned_~4k |  -5.16e-06   4.33e-06    -1.19   0.237    -.0000138    3.47e-06
    zoneidI2 |   .0495692   .0173894     2.85   0.006      .014904    .0842345
    zoneidI3 |   .0302358   .0146182     2.07   0.042     .0010949    .0593766
    zoneidI4 |   .0526972   .0220499     2.39   0.019     .0087416    .0966527
    zoneidI5 |   .0264903   .0135085     1.96   0.054    -.0004383     .053419
    zoneidI6 |  -.0034864   .0129223    -0.27   0.788    -.0292466    .0222737
    zoneidI7 |   .0237563   .0094215     2.52   0.014     .0049748    .0425378
    zoneidI8 |   .0002773   .0077457     0.04   0.972    -.0151635    .0157181
      female |  -.0649497   .0113031    -5.75   0.000     -.087482   -.0424173
std98_base~2 |   .0029572   .0117101     0.25   0.801    -.0203865    .0263009
std98_base~3 |  -.0009941    .010553    -0.09   0.925    -.0220312     .020043
std98_base~4 |  -.0010777   .0119121    -0.09   0.928    -.0248241    .0226687
std98_base~5 |   .0010935   .0110029     0.10   0.921    -.0208404    .0230274
std98_base~6 |  -.0096831   .0095993    -1.01   0.316     -.028819    .0094528
month_int~I2 |    .002838   .0082105     0.35   0.731    -.0135294    .0192054
month_inte~3 |   .0054051   .0184242     0.29   0.770    -.0313229    .0421332
month_inte~4 |  -.0175327    .010198    -1.72   0.090    -.0378619    .0027966
month_inte~5 |  -.0107834   .0101872    -1.06   0.293    -.0310911    .0095244
month_inte~6 |   .0183096   .0175119     1.05   0.299    -.0165998     .053219
month_inte~7 |   .0150895   .0104266     1.45   0.152    -.0056956    .0358746
month_inte~8 |   .0122215   .0095763     1.28   0.206    -.0068685    .0313116
month_inte~9 |   .0392788   .0159033     2.47   0.016     .0075762    .0709814
month_int~10 |   .0314719   .0153207     2.05   0.044     .0009307     .062013
month_int~11 |   .0079174   .0124433     0.64   0.527    -.0168878    .0327226
month_int~12 |   .0123571   .0156001     0.79   0.431    -.0187412    .0434554
       wave2 |  -.0423973   .0118448    -3.58   0.001    -.0660096   -.0187851
             |
        year |
       2008  |    .047268   .0116145     4.07   0.000      .024115     .070421
       2009  |    .083857   .0222983     3.76   0.000     .0394061    .1283078
       2011  |    .056292   .0216058     2.61   0.011     .0132216    .0993624
       2012  |   .0437166   .0120873     3.62   0.001      .019621    .0678121
       2013  |   .0721568   .0192318     3.75   0.000     .0338188    .1104948
       2014  |   .0850369   .0241163     3.53   0.001      .036962    .1331118
       2017  |   .0344341   .0099559     3.46   0.001     .0145873    .0542809
       2018  |    .054654   .0163881     3.33   0.001     .0219849    .0873231
       2019  |   .0992913   .0275368     3.61   0.001     .0443978    .1541849
             |
       voced |  -.0011397   .0076752    -0.15   0.882      -.01644    .0141605
       _cons |  -.0044308   .0163669    -0.27   0.787    -.0370577    .0281961
------------------------------------------------------------------------------
(est15 stored)

Duplicates in terms of all variables

(13,808 observations deleted)
(note: variable outcome was str11, now str16 to accommodate using data's
       values)
file C:\Users\thepe\AppData\Local\Temp\ST_3b58_000029.tmp saved
(sum of wgt is 46,865.234176755)

Linear regression                               Number of obs     =     13,761
                                                F(41, 72)         =      60.43
                                                Prob > F          =     0.0000
                                                R-squared         =     0.0787
                                                Root MSE          =     .40237

                             (Std. Err. adjusted for 73 clusters in psdpsch98)
------------------------------------------------------------------------------
             |               Robust
emp_servic~e |      Coef.   Std. Err.      t    P>|t|     [95% Conf. Interval]
-------------+----------------------------------------------------------------
   treatment |   .0040186   .0124978     0.32   0.749    -.0208953    .0289326
cost_sharing |  -.0204669    .011944    -1.71   0.091    -.0442769    .0033431
saturatio~4k |    .012891   .0449336     0.29   0.775    -.0766826    .1024646
   avgtest96 |   .0208567    .014126     1.48   0.144     -.007303    .0490164
     pup_pop |   .0000478   .0000214     2.23   0.029     5.08e-06    .0000905
demeaned_~4k |   .0000153   5.12e-06     2.99   0.004     5.11e-06    .0000255
    zoneidI2 |    .021234   .0222498     0.95   0.343    -.0231201    .0655882
    zoneidI3 |   .0331902   .0219096     1.51   0.134    -.0104858    .0768662
    zoneidI4 |   .0561556   .0309014     1.82   0.073    -.0054452    .1177563
    zoneidI5 |   .0031911   .0225931     0.14   0.888    -.0418474    .0482297
    zoneidI6 |   .0345667   .0219224     1.58   0.119    -.0091348    .0782682
    zoneidI7 |   .0467456   .0234839     1.99   0.050    -.0000687    .0935599
    zoneidI8 |   .0392234   .0222032     1.77   0.082    -.0050379    .0834847
      female |  -.0975588    .011511    -8.48   0.000    -.1205055    -.074612
std98_base~2 |   .0114146   .0155162     0.74   0.464    -.0195164    .0423455
std98_base~3 |   .0233446   .0171085     1.36   0.177    -.0107606    .0574497
std98_base~4 |   .0311342   .0164778     1.89   0.063    -.0017138    .0639821
std98_base~5 |   .0380399   .0173866     2.19   0.032     .0033804    .0726994
std98_base~6 |   .0581038   .0179548     3.24   0.002     .0223115    .0938962
month_int~I2 |   .0213993   .0227299     0.94   0.350     -.023912    .0667105
month_inte~3 |   .0522635    .031964     1.64   0.106    -.0114556    .1159826
month_inte~4 |   .0437469   .0275233     1.59   0.116    -.0111199    .0986136
month_inte~5 |   .0485944   .0335679     1.45   0.152    -.0183219    .1155107
month_inte~6 |   .0815867   .0281597     2.90   0.005     .0254513    .1377222
month_inte~7 |   .0713472   .0241591     2.95   0.004      .023187    .1195074
month_inte~8 |   .0919351   .0252021     3.65   0.000     .0416957    .1421746
month_inte~9 |   .1057329   .0278189     3.80   0.000     .0502769    .1611888
month_int~10 |   .1087654   .0305451     3.56   0.001     .0478748     .169656
month_int~11 |   .1112882   .0294351     3.78   0.000     .0526104    .1699659
month_int~12 |   .1420883   .0374895     3.79   0.000     .0673544    .2168222
       wave2 |  -.1082866   .0312284    -3.47   0.001    -.1705394   -.0460339
             |
        year |
       2008  |    .084422   .0217222     3.89   0.000     .0411196    .1277243
       2009  |   .2138614   .0451372     4.74   0.000     .1238821    .3038407
       2011  |   .1226866   .0185168     6.63   0.000     .0857739    .1595993
       2012  |   .2076686   .0231379     8.98   0.000     .1615439    .2537932
       2013  |   .2660017   .0368801     7.21   0.000     .1924827    .3395208
       2014  |    .352047   .0465994     7.55   0.000     .2591527    .4449412
       2017  |   .2779964   .0184044    15.10   0.000     .2413078     .314685
       2018  |   .3479148   .0376887     9.23   0.000     .2727837     .423046
       2019  |   .4949549   .0505972     9.78   0.000     .3940913    .5958185
             |
       voced |  -.0290198   .0148272    -1.96   0.054    -.0585772    .0005377
       _cons |  -.0593576   .0345993    -1.72   0.091    -.1283302    .0096149
------------------------------------------------------------------------------
(est16 stored)

Duplicates in terms of all variables

(13,808 observations deleted)
file C:\Users\thepe\AppData\Local\Temp\ST_3b58_000029.tmp saved
(sum of wgt is 46,864.1230655909)

Linear regression                               Number of obs     =     13,760
                                                F(41, 72)         =      15.59
                                                Prob > F          =     0.0000
                                                R-squared         =     0.0393
                                                Root MSE          =     .18432

                             (Std. Err. adjusted for 73 clusters in psdpsch98)
------------------------------------------------------------------------------
             |               Robust
emp_constr~t |      Coef.   Std. Err.      t    P>|t|     [95% Conf. Interval]
-------------+----------------------------------------------------------------
   treatment |   .0024949   .0069972     0.36   0.722    -.0114538    .0164436
cost_sharing |   .0029048   .0068655     0.42   0.673    -.0107814     .016591
saturatio~4k |  -.0011968   .0233762    -0.05   0.959    -.0477964    .0454028
   avgtest96 |   .0047533   .0073562     0.65   0.520    -.0099111    .0194177
     pup_pop |   .0000123   .0000147     0.83   0.407    -.0000171    .0000416
demeaned_~4k |   4.69e-06   3.76e-06     1.25   0.216    -2.80e-06    .0000122
    zoneidI2 |  -.0034953   .0118567    -0.29   0.769    -.0271311    .0201406
    zoneidI3 |   .0066216   .0122275     0.54   0.590    -.0177534    .0309966
    zoneidI4 |  -.0113846   .0106848    -1.07   0.290    -.0326843    .0099152
    zoneidI5 |   .0101664   .0115829     0.88   0.383    -.0129237    .0332566
    zoneidI6 |   .0205488   .0121499     1.69   0.095    -.0036717    .0447693
    zoneidI7 |  -.0053331   .0105892    -0.50   0.616    -.0264424    .0157761
    zoneidI8 |   .0124237   .0095911     1.30   0.199    -.0066959    .0315432
      female |  -.0636697   .0062548   -10.18   0.000    -.0761385    -.051201
std98_base~2 |  -.0074459   .0091395    -0.81   0.418    -.0256651    .0107733
std98_base~3 |  -.0029318   .0090735    -0.32   0.748    -.0210194    .0151558
std98_base~4 |    .002181   .0126488     0.17   0.864     -.023034     .027396
std98_base~5 |  -.0064103   .0085558    -0.75   0.456     -.023466    .0106454
std98_base~6 |   .0039106   .0101655     0.38   0.702    -.0163539    .0241752
month_int~I2 |  -.0046665   .0091595    -0.51   0.612    -.0229257    .0135927
month_inte~3 |  -.0190165   .0085828    -2.22   0.030    -.0361261    -.001907
month_inte~4 |   .0004191   .0149533     0.03   0.978    -.0293897    .0302279
month_inte~5 |   .0011724   .0154492     0.08   0.940    -.0296251    .0319699
month_inte~6 |  -.0140431   .0102158    -1.37   0.174    -.0344079    .0063218
month_inte~7 |  -.0088237   .0117907    -0.75   0.457     -.032328    .0146805
month_inte~8 |   .0035106   .0125398     0.28   0.780    -.0214871    .0285082
month_inte~9 |    -.00042   .0126332    -0.03   0.974    -.0256039    .0247639
month_int~10 |  -.0014009   .0139878    -0.10   0.921     -.029285    .0264833
month_int~11 |  -.0037588   .0117303    -0.32   0.750    -.0271428    .0196252
month_int~12 |  -.0096105   .0135176    -0.71   0.479    -.0365573    .0173363
       wave2 |  -.0080027    .011991    -0.67   0.507    -.0319064    .0159009
             |
        year |
       2008  |    .005196   .0095277     0.55   0.587    -.0137972    .0241892
       2009  |    .008179   .0150197     0.54   0.588    -.0217622    .0381202
       2011  |   .0175872   .0127927     1.37   0.173    -.0079145     .043089
       2012  |   .0321885   .0129953     2.48   0.016     .0062829    .0580941
       2013  |   .0336994   .0136369     2.47   0.016     .0065148     .060884
       2014  |   .0356204   .0191713     1.86   0.067    -.0025969    .0738376
       2017  |   .0361545   .0115727     3.12   0.003     .0130847    .0592243
       2018  |   .0333574   .0145281     2.30   0.025     .0043961    .0623186
       2019  |   .0432555   .0186615     2.32   0.023     .0060545    .0804564
             |
       voced |   .0160743    .010767     1.49   0.140    -.0053893     .037538
       _cons |    .035463   .0178512     1.99   0.051    -.0001227    .0710488
------------------------------------------------------------------------------
(est17 stored)

Duplicates in terms of all variables

(13,808 observations deleted)
file C:\Users\thepe\AppData\Local\Temp\ST_3b58_000029.tmp saved
(sum of wgt is 46,864.1230655909)

Linear regression                               Number of obs     =     13,760
                                                F(41, 72)         =       7.03
                                                Prob > F          =     0.0000
                                                R-squared         =     0.0168
                                                Root MSE          =     .15923

                             (Std. Err. adjusted for 73 clusters in psdpsch98)
------------------------------------------------------------------------------
             |               Robust
emp_manufa~g |      Coef.   Std. Err.      t    P>|t|     [95% Conf. Interval]
-------------+----------------------------------------------------------------
   treatment |   .0002785   .0037791     0.07   0.941    -.0072551    .0078121
cost_sharing |   .0045544   .0044336     1.03   0.308    -.0042839    .0133927
saturatio~4k |   .0094235   .0151139     0.62   0.535    -.0207056    .0395525
   avgtest96 |  -.0021462   .0045793    -0.47   0.641    -.0112748    .0069825
     pup_pop |  -.0000161   7.99e-06    -2.02   0.047    -.0000321   -2.22e-07
demeaned_~4k |  -3.75e-06   1.96e-06    -1.92   0.059    -7.65e-06    1.50e-07
    zoneidI2 |  -.0037573   .0071738    -0.52   0.602     -.018058    .0105434
    zoneidI3 |  -.0046427   .0058164    -0.80   0.427    -.0162374    .0069521
    zoneidI4 |  -.0051766   .0060303    -0.86   0.394    -.0171978    .0068446
    zoneidI5 |   -.012513    .006446    -1.94   0.056    -.0253629    .0003369
    zoneidI6 |  -.0021038    .006404    -0.33   0.743      -.01487    .0106623
    zoneidI7 |  -.0055609   .0082179    -0.68   0.501    -.0219431    .0108212
    zoneidI8 |  -.0016709   .0065599    -0.25   0.800    -.0147478     .011406
      female |  -.0245298   .0038593    -6.36   0.000    -.0322232   -.0168364
std98_base~2 |   .0021121   .0057541     0.37   0.715    -.0093585    .0135827
std98_base~3 |   .0039066   .0061758     0.63   0.529    -.0084046    .0162179
std98_base~4 |   .0078334    .007022     1.12   0.268    -.0061647    .0218314
std98_base~5 |    .009383   .0068269     1.37   0.174    -.0042262    .0229923
std98_base~6 |   .0121964    .008313     1.47   0.147    -.0043752     .028768
month_int~I2 |   .0027587   .0075564     0.37   0.716    -.0123048    .0178221
month_inte~3 |   .0133661   .0105272     1.27   0.208    -.0076196    .0343517
month_inte~4 |   .0118322   .0116994     1.01   0.315    -.0114902    .0351546
month_inte~5 |   .0237795   .0107364     2.21   0.030      .002377    .0451821
month_inte~6 |   .0165175   .0131502     1.26   0.213     -.009697     .042732
month_inte~7 |    .011979   .0078619     1.52   0.132    -.0036934    .0276513
month_inte~8 |    .017739    .007294     2.43   0.018     .0031988    .0322792
month_inte~9 |   .0174066   .0102317     1.70   0.093      -.00299    .0378031
month_int~10 |    .013686   .0103152     1.33   0.189    -.0068769    .0342489
month_int~11 |   .0207687   .0081041     2.56   0.012     .0046135    .0369238
month_int~12 |   .0140931   .0090807     1.55   0.125    -.0040088    .0321951
       wave2 |  -.0313797   .0095985    -3.27   0.002    -.0505138   -.0122455
             |
        year |
       2008  |   .0106724   .0057617     1.85   0.068    -.0008134    .0221582
       2009  |   .0407571   .0124054     3.29   0.002     .0160274    .0654867
       2011  |   .0103321   .0060339     1.71   0.091    -.0016962    .0223604
       2012  |   .0385093   .0101792     3.78   0.000     .0182175    .0588011
       2013  |   .0530557   .0120644     4.40   0.000     .0290057    .0771056
       2014  |   .0577397   .0127865     4.52   0.000     .0322503    .0832292
       2017  |   .0166196   .0054532     3.05   0.003     .0057488    .0274903
       2018  |   .0473239   .0118932     3.98   0.000     .0236152    .0710326
       2019  |   .0746406   .0153754     4.85   0.000     .0439902     .105291
             |
       voced |   -.004383   .0047404    -0.92   0.358    -.0138329    .0050668
       _cons |    .007437   .0106642     0.70   0.488    -.0138217    .0286956
------------------------------------------------------------------------------
(est18 stored)

Duplicates in terms of all variables

(13,808 observations deleted)
(note: variable outcome was str17, now str22 to accommodate using data's
       values)
file C:\Users\thepe\AppData\Local\Temp\ST_3b58_000029.tmp saved

.         use `sat4k_estimates',clear //treatment term remains robust, while sa
> turation term is largely insignificant

. 
.         cap log close
